2015-11-16 20:35:45,988 INFO [org.springframework.web.context.ContextLoader] - <Root WebApplicationContext: initialization started>
2015-11-16 20:35:46,146 INFO [org.springframework.web.context.support.XmlWebApplicationContext] - <Refreshing Root WebApplicationContext: startup date [Mon Nov 16 20:35:46 CST 2015]; root of context hierarchy>
2015-11-16 20:35:46,193 INFO [org.springframework.beans.factory.xml.XmlBeanDefinitionReader] - <Loading XML bean definitions from ServletContext resource [/WEB-INF/spring/root-context.xml]>
2015-11-16 20:35:46,599 INFO [org.springframework.beans.factory.xml.XmlBeanDefinitionReader] - <Loading XML bean definitions from ServletContext resource [/WEB-INF/spring/service.spring.xml]>
2015-11-16 20:35:46,630 INFO [org.springframework.beans.factory.xml.XmlBeanDefinitionReader] - <Loading XML bean definitions from ServletContext resource [/WEB-INF/spring/mail.spring.xml]>
2015-11-16 20:35:46,662 INFO [org.springframework.beans.factory.xml.XmlBeanDefinitionReader] - <Loading XML bean definitions from ServletContext resource [/WEB-INF/spring/scheduler.spring.xml]>
2015-11-16 20:35:46,677 INFO [org.springframework.beans.factory.support.DefaultListableBeanFactory] - <Overriding bean definition for bean 'scheduleService': replacing [Generic bean: class [com.zhc.schedule.quartz.service.ScheduleServiceImpl]; scope=; abstract=false; lazyInit=false; autowireMode=1; dependencyCheck=0; autowireCandidate=true; primary=false; factoryBeanName=null; factoryMethodName=null; initMethodName=null; destroyMethodName=null; defined in ServletContext resource [/WEB-INF/spring/service.spring.xml]] with [Generic bean: class [com.zhc.schedule.quartz.service.ScheduleServiceImpl]; scope=; abstract=false; lazyInit=false; autowireMode=1; dependencyCheck=0; autowireCandidate=true; primary=false; factoryBeanName=null; factoryMethodName=null; initMethodName=null; destroyMethodName=null; defined in ServletContext resource [/WEB-INF/spring/scheduler.spring.xml]]>
2015-11-16 20:35:46,880 INFO [org.springframework.beans.factory.annotation.AutowiredAnnotationBeanPostProcessor] - <JSR-330 'javax.inject.Inject' annotation found and supported for autowiring>
2015-11-16 20:35:47,800 INFO [com.alibaba.druid.pool.DruidDataSource] - <{dataSource-1} inited>
2015-11-16 20:35:47,879 INFO [org.springframework.orm.jpa.LocalContainerEntityManagerFactoryBean] - <Building JPA container EntityManagerFactory for persistence unit 'zhc'>
2015-11-16 20:35:47,895 INFO [org.hibernate.jpa.internal.util.LogHelper] - <HHH000204: Processing PersistenceUnitInfo [
	name: zhc
	...]>
2015-11-16 20:35:48,020 INFO [org.hibernate.Version] - <HHH000412: Hibernate Core {4.3.5.Final}>
2015-11-16 20:35:48,020 INFO [org.hibernate.cfg.Environment] - <HHH000206: hibernate.properties not found>
2015-11-16 20:35:48,020 INFO [org.hibernate.cfg.Environment] - <HHH000021: Bytecode provider name : javassist>
2015-11-16 20:35:48,316 INFO [org.hibernate.annotations.common.Version] - <HCANN000001: Hibernate Commons Annotations {4.0.4.Final}>
2015-11-16 20:35:48,394 INFO [org.hibernate.dialect.Dialect] - <HHH000400: Using dialect: org.hibernate.dialect.MySQL5Dialect>
2015-11-16 20:35:48,410 INFO [org.hibernate.engine.jdbc.internal.LobCreatorBuilder] - <HHH000422: Disabling contextual LOB creation as connection was null>
2015-11-16 20:35:48,659 WARN [org.hibernate.mapping.RootClass] - <HHH000038: Composite-id class does not override equals(): com.zhc.sys.entity.SysRoleToSysMenuId>
2015-11-16 20:35:48,659 WARN [org.hibernate.mapping.RootClass] - <HHH000039: Composite-id class does not override hashCode(): com.zhc.sys.entity.SysRoleToSysMenuId>
2015-11-16 20:35:48,675 INFO [org.hibernate.hql.internal.ast.ASTQueryTranslatorFactory] - <HHH000397: Using ASTQueryTranslatorFactory>
2015-11-16 20:35:49,159 INFO [org.hibernate.tool.hbm2ddl.SchemaUpdate] - <HHH000228: Running hbm2ddl schema update>
2015-11-16 20:35:49,159 INFO [org.hibernate.tool.hbm2ddl.SchemaUpdate] - <HHH000102: Fetching database metadata>
2015-11-16 20:35:49,174 INFO [org.hibernate.tool.hbm2ddl.SchemaUpdate] - <HHH000396: Updating schema>
2015-11-16 20:35:49,206 INFO [org.hibernate.tool.hbm2ddl.TableMetadata] - <HHH000261: Table found: qhdask.MailFailLog>
2015-11-16 20:35:49,206 INFO [org.hibernate.tool.hbm2ddl.TableMetadata] - <HHH000037: Columns: [senddate, content, id, title, execdate, status, exception, receivermails]>
2015-11-16 20:35:49,206 INFO [org.hibernate.tool.hbm2ddl.TableMetadata] - <HHH000108: Foreign keys: []>
2015-11-16 20:35:49,206 INFO [org.hibernate.tool.hbm2ddl.TableMetadata] - <HHH000126: Indexes: [primary]>
2015-11-16 20:35:49,223 INFO [org.hibernate.tool.hbm2ddl.TableMetadata] - <HHH000261: Table found: qhdask.affix>
2015-11-16 20:35:49,223 INFO [org.hibernate.tool.hbm2ddl.TableMetadata] - <HHH000037: Columns: [id, source, extname, objecttype, name, path, createdate, downnum, type, objectid, size, hotnum]>
2015-11-16 20:35:49,223 INFO [org.hibernate.tool.hbm2ddl.TableMetadata] - <HHH000108: Foreign keys: []>
2015-11-16 20:35:49,223 INFO [org.hibernate.tool.hbm2ddl.TableMetadata] - <HHH000126: Indexes: [primary]>
2015-11-16 20:35:49,239 INFO [org.hibernate.tool.hbm2ddl.TableMetadata] - <HHH000261: Table found: qhdask.ask_answer>
2015-11-16 20:35:49,239 INFO [org.hibernate.tool.hbm2ddl.TableMetadata] - <HHH000037: Columns: [id, status, hidden, createdate, question_id, answercontent, member_id]>
2015-11-16 20:35:49,239 INFO [org.hibernate.tool.hbm2ddl.TableMetadata] - <HHH000108: Foreign keys: [fk_f2r12tcmoossnxp6cdotn2idh, fk_nqjh3hsb5dccu20i0lhbc4iqs]>
2015-11-16 20:35:49,239 INFO [org.hibernate.tool.hbm2ddl.TableMetadata] - <HHH000126: Indexes: [primary, fk_f2r12tcmoossnxp6cdotn2idh, fk_nqjh3hsb5dccu20i0lhbc4iqs]>
2015-11-16 20:35:49,254 INFO [org.hibernate.tool.hbm2ddl.TableMetadata] - <HHH000261: Table found: qhdask.ask_classify>
2015-11-16 20:35:49,254 INFO [org.hibernate.tool.hbm2ddl.TableMetadata] - <HHH000037: Columns: [alias, link, createdate, img, parentid, id, extendf1, description, extendf2, name, ename, orderby, updatedate]>
2015-11-16 20:35:49,254 INFO [org.hibernate.tool.hbm2ddl.TableMetadata] - <HHH000108: Foreign keys: [fk_6noujkvl3n81tfnnfemv8nxjv]>
2015-11-16 20:35:49,254 INFO [org.hibernate.tool.hbm2ddl.TableMetadata] - <HHH000126: Indexes: [fk_6noujkvl3n81tfnnfemv8nxjv, primary]>
2015-11-16 20:35:49,270 INFO [org.hibernate.tool.hbm2ddl.TableMetadata] - <HHH000261: Table found: qhdask.ask_member>
2015-11-16 20:35:49,270 INFO [org.hibernate.tool.hbm2ddl.TableMetadata] - <HHH000037: Columns: [expertisearea, curryears, lastlogindate, sex, joindate, truename, status, exprettitle, education, professional, photo, password, personprofile, id, jobtitle, loginname, currprofessional, school, address, email, servicefall, company, birthdate, role, telephone, qqwechart]>
2015-11-16 20:35:49,270 INFO [org.hibernate.tool.hbm2ddl.TableMetadata] - <HHH000108: Foreign keys: []>
2015-11-16 20:35:49,270 INFO [org.hibernate.tool.hbm2ddl.TableMetadata] - <HHH000126: Indexes: [primary]>
2015-11-16 20:35:49,285 INFO [org.hibernate.tool.hbm2ddl.TableMetadata] - <HHH000261: Table found: qhdask.ask_question>
2015-11-16 20:35:49,285 INFO [org.hibernate.tool.hbm2ddl.TableMetadata] - <HHH000037: Columns: [classify_id, isopen, asktag, status, createdate, replaycount, viewcount, member_id, id, title, lastreplaydate, description, hidden]>
2015-11-16 20:35:49,285 INFO [org.hibernate.tool.hbm2ddl.TableMetadata] - <HHH000108: Foreign keys: [fk_dtrv30jugiivr551nxjxcl9vr, fk_27idcpxqeptjxgh584meqdec6]>
2015-11-16 20:35:49,285 INFO [org.hibernate.tool.hbm2ddl.TableMetadata] - <HHH000126: Indexes: [fk_dtrv30jugiivr551nxjxcl9vr, fk_27idcpxqeptjxgh584meqdec6, primary]>
2015-11-16 20:35:49,301 INFO [org.hibernate.tool.hbm2ddl.TableMetadata] - <HHH000261: Table found: qhdask.qz_job_detail>
2015-11-16 20:35:49,301 INFO [org.hibernate.tool.hbm2ddl.TableMetadata] - <HHH000037: Columns: [classname, id, extendf1, description, extendf3, extendf2, name, extendf5, extendf4, extendf7, parameters, extendf6, extendf8]>
2015-11-16 20:35:49,301 INFO [org.hibernate.tool.hbm2ddl.TableMetadata] - <HHH000108: Foreign keys: []>
2015-11-16 20:35:49,301 INFO [org.hibernate.tool.hbm2ddl.TableMetadata] - <HHH000126: Indexes: [primary]>
2015-11-16 20:35:49,317 INFO [org.hibernate.tool.hbm2ddl.TableMetadata] - <HHH000261: Table found: qhdask.qz_log>
2015-11-16 20:35:49,317 INFO [org.hibernate.tool.hbm2ddl.TableMetadata] - <HHH000037: Columns: [id, result, jobname, exectime, exception, otherremark]>
2015-11-16 20:35:49,317 INFO [org.hibernate.tool.hbm2ddl.TableMetadata] - <HHH000108: Foreign keys: []>
2015-11-16 20:35:49,317 INFO [org.hibernate.tool.hbm2ddl.TableMetadata] - <HHH000126: Indexes: [primary]>
2015-11-16 20:35:49,332 INFO [org.hibernate.tool.hbm2ddl.TableMetadata] - <HHH000261: Table found: qhdask.qz_trigger>
2015-11-16 20:35:49,332 INFO [org.hibernate.tool.hbm2ddl.TableMetadata] - <HHH000037: Columns: [cronexpression, status, qzjobdetail_id, repeatinterval, type, repeatcount, startdelay, id, startdate, extendf1, description, extendf3, name, extendf2, extendf5, extendf4, extendf7, extendf6, extendf9, enddate, extendf8]>
2015-11-16 20:35:49,332 INFO [org.hibernate.tool.hbm2ddl.TableMetadata] - <HHH000108: Foreign keys: [fk_2gypa1lpf5oij9ksti5ggo1s5]>
2015-11-16 20:35:49,332 INFO [org.hibernate.tool.hbm2ddl.TableMetadata] - <HHH000126: Indexes: [primary, fk_2gypa1lpf5oij9ksti5ggo1s5]>
2015-11-16 20:35:49,348 INFO [org.hibernate.tool.hbm2ddl.TableMetadata] - <HHH000261: Table found: qhdask.sysmenu>
2015-11-16 20:35:49,348 INFO [org.hibernate.tool.hbm2ddl.TableMetadata] - <HHH000037: Columns: [alias, link, createdate, img, parentid, id, extendf1, description, extendf2, name, ename, orderby, updatedate]>
2015-11-16 20:35:49,348 INFO [org.hibernate.tool.hbm2ddl.TableMetadata] - <HHH000108: Foreign keys: [fk_5p24yuafh3b9skc4qb4bp6ete]>
2015-11-16 20:35:49,348 INFO [org.hibernate.tool.hbm2ddl.TableMetadata] - <HHH000126: Indexes: [fk_5p24yuafh3b9skc4qb4bp6ete, primary]>
2015-11-16 20:35:49,348 INFO [org.hibernate.tool.hbm2ddl.TableMetadata] - <HHH000261: Table found: qhdask.syspopedom>
2015-11-16 20:35:49,348 INFO [org.hibernate.tool.hbm2ddl.TableMetadata] - <HHH000037: Columns: [id, description, sys_code]>
2015-11-16 20:35:49,348 INFO [org.hibernate.tool.hbm2ddl.TableMetadata] - <HHH000108: Foreign keys: []>
2015-11-16 20:35:49,348 INFO [org.hibernate.tool.hbm2ddl.TableMetadata] - <HHH000126: Indexes: [primary]>
2015-11-16 20:35:49,363 INFO [org.hibernate.tool.hbm2ddl.TableMetadata] - <HHH000261: Table found: qhdask.sysrole>
2015-11-16 20:35:49,363 INFO [org.hibernate.tool.hbm2ddl.TableMetadata] - <HHH000037: Columns: [id, extendf1, popedoms, description, name, extendf2, type]>
2015-11-16 20:35:49,363 INFO [org.hibernate.tool.hbm2ddl.TableMetadata] - <HHH000108: Foreign keys: []>
2015-11-16 20:35:49,363 INFO [org.hibernate.tool.hbm2ddl.TableMetadata] - <HHH000126: Indexes: [primary]>
2015-11-16 20:35:49,379 INFO [org.hibernate.tool.hbm2ddl.TableMetadata] - <HHH000261: Table found: qhdask.sysrole_syspopedom>
2015-11-16 20:35:49,379 INFO [org.hibernate.tool.hbm2ddl.TableMetadata] - <HHH000037: Columns: [syspopedom_id, sysrole_id]>
2015-11-16 20:35:49,379 INFO [org.hibernate.tool.hbm2ddl.TableMetadata] - <HHH000108: Foreign keys: [fk_oo7xoflcnvf8skw5omrbql5h9, fk_53kgl5trsotv45d01ox8o04ru]>
2015-11-16 20:35:49,379 INFO [org.hibernate.tool.hbm2ddl.TableMetadata] - <HHH000126: Indexes: [fk_oo7xoflcnvf8skw5omrbql5h9, primary]>
2015-11-16 20:35:49,379 INFO [org.hibernate.tool.hbm2ddl.TableMetadata] - <HHH000261: Table found: qhdask.sysroletosysmenu>
2015-11-16 20:35:49,379 INFO [org.hibernate.tool.hbm2ddl.TableMetadata] - <HHH000037: Columns: [sysmenu_id, extendf1, sysrole_id]>
2015-11-16 20:35:49,379 INFO [org.hibernate.tool.hbm2ddl.TableMetadata] - <HHH000108: Foreign keys: [fk_m56ufpq4f5xl2jrv8acjjxsk4, fk_bi2ymf7m10j8fe7d1ll4bq47q]>
2015-11-16 20:35:49,379 INFO [org.hibernate.tool.hbm2ddl.TableMetadata] - <HHH000126: Indexes: [fk_m56ufpq4f5xl2jrv8acjjxsk4, primary]>
2015-11-16 20:35:49,395 INFO [org.hibernate.tool.hbm2ddl.TableMetadata] - <HHH000261: Table found: qhdask.sysuser>
2015-11-16 20:35:49,395 INFO [org.hibernate.tool.hbm2ddl.TableMetadata] - <HHH000037: Columns: [id, loginname, phone, lastlogintime, truename, status, email, createdate, password]>
2015-11-16 20:35:49,395 INFO [org.hibernate.tool.hbm2ddl.TableMetadata] - <HHH000108: Foreign keys: []>
2015-11-16 20:35:49,395 INFO [org.hibernate.tool.hbm2ddl.TableMetadata] - <HHH000126: Indexes: [primary]>
2015-11-16 20:35:49,410 INFO [org.hibernate.tool.hbm2ddl.TableMetadata] - <HHH000261: Table found: qhdask.sysusertosysrole>
2015-11-16 20:35:49,410 INFO [org.hibernate.tool.hbm2ddl.TableMetadata] - <HHH000037: Columns: [id, sysuser_id, sysrole_id]>
2015-11-16 20:35:49,410 INFO [org.hibernate.tool.hbm2ddl.TableMetadata] - <HHH000108: Foreign keys: [fk_e5l6iwfa48hhxe0mog0ct1j44, fk_lmbccldu4qd824ptp58txfr6o]>
2015-11-16 20:35:49,410 INFO [org.hibernate.tool.hbm2ddl.TableMetadata] - <HHH000126: Indexes: [primary, fk_e5l6iwfa48hhxe0mog0ct1j44, fk_lmbccldu4qd824ptp58txfr6o]>
2015-11-16 20:35:49,410 INFO [org.hibernate.tool.hbm2ddl.SchemaUpdate] - <HHH000232: Schema update complete>
2015-11-16 20:35:49,925 INFO [org.quartz.impl.StdSchedulerFactory] - <Using default implementation for ThreadExecutor>
2015-11-16 20:35:49,956 INFO [org.quartz.core.SchedulerSignalerImpl] - <Initialized Scheduler Signaller of type: class org.quartz.core.SchedulerSignalerImpl>
2015-11-16 20:35:49,956 INFO [org.quartz.core.QuartzScheduler] - <Quartz Scheduler v.2.2.1 created.>
2015-11-16 20:35:49,956 INFO [org.quartz.simpl.RAMJobStore] - <RAMJobStore initialized.>
2015-11-16 20:35:49,956 INFO [org.quartz.core.QuartzScheduler] - <Scheduler meta-data: Quartz Scheduler (v2.2.1) 'scheduler' with instanceId 'NON_CLUSTERED'
  Scheduler class: 'org.quartz.core.QuartzScheduler' - running locally.
  NOT STARTED.
  Currently in standby mode.
  Number of jobs executed: 0
  Using thread pool 'org.quartz.simpl.SimpleThreadPool' - with 10 threads.
  Using job-store 'org.quartz.simpl.RAMJobStore' - which does not support persistence. and is not clustered.
>
2015-11-16 20:35:49,956 INFO [org.quartz.impl.StdSchedulerFactory] - <Quartz scheduler 'scheduler' initialized from an externally provided properties instance.>
2015-11-16 20:35:49,956 INFO [org.quartz.impl.StdSchedulerFactory] - <Quartz scheduler version: 2.2.1>
2015-11-16 20:35:49,956 INFO [org.quartz.core.QuartzScheduler] - <JobFactory set to: org.springframework.scheduling.quartz.AdaptableJobFactory@c2b5b7b>
2015-11-16 20:35:49,972 INFO [com.zhc.schedule.quartz.ScheduleManager] - <任务调度器开始装载数据库任务信息....>
2015-11-16 20:35:50,206 INFO [org.springframework.context.support.DefaultLifecycleProcessor] - <Starting beans in phase 2147483647>
2015-11-16 20:35:50,206 INFO [org.springframework.scheduling.quartz.SchedulerFactoryBean] - <Starting Quartz Scheduler now>
2015-11-16 20:35:50,206 INFO [org.quartz.core.QuartzScheduler] - <Scheduler scheduler_$_NON_CLUSTERED started.>
2015-11-16 20:35:50,206 INFO [org.springframework.web.context.ContextLoader] - <Root WebApplicationContext: initialization completed in 4218 ms>
2015-11-16 20:35:50,706 INFO [com.opensymphony.xwork2.config.providers.XmlConfigurationProvider] - <Parsing configuration file [struts-default.xml]>
2015-11-16 20:35:50,800 INFO [com.opensymphony.xwork2.config.providers.XmlConfigurationProvider] - <Parsing configuration file [struts-plugin.xml]>
2015-11-16 20:35:50,815 INFO [com.opensymphony.xwork2.config.providers.XmlConfigurationProvider] - <Parsing configuration file [struts.xml]>
2015-11-16 20:35:50,831 INFO [org.apache.struts2.config.BeanSelectionProvider] - <Choosing bean (spring) for (com.opensymphony.xwork2.ObjectFactory)>
2015-11-16 20:35:50,831 INFO [org.apache.struts2.config.BeanSelectionProvider] - <Choosing bean (struts) for (com.opensymphony.xwork2.FileManagerFactory)>
2015-11-16 20:35:50,831 INFO [org.apache.struts2.config.BeanSelectionProvider] - <Choosing bean (struts) for (com.opensymphony.xwork2.conversion.impl.XWorkConverter)>
2015-11-16 20:35:50,831 INFO [org.apache.struts2.config.BeanSelectionProvider] - <Choosing bean (struts) for (com.opensymphony.xwork2.conversion.impl.CollectionConverter)>
2015-11-16 20:35:50,831 INFO [org.apache.struts2.config.BeanSelectionProvider] - <Choosing bean (struts) for (com.opensymphony.xwork2.conversion.impl.ArrayConverter)>
2015-11-16 20:35:50,831 INFO [org.apache.struts2.config.BeanSelectionProvider] - <Choosing bean (struts) for (com.opensymphony.xwork2.conversion.impl.DateConverter)>
2015-11-16 20:35:50,831 INFO [org.apache.struts2.config.BeanSelectionProvider] - <Choosing bean (struts) for (com.opensymphony.xwork2.conversion.impl.NumberConverter)>
2015-11-16 20:35:50,831 INFO [org.apache.struts2.config.BeanSelectionProvider] - <Choosing bean (struts) for (com.opensymphony.xwork2.conversion.impl.StringConverter)>
2015-11-16 20:35:50,831 INFO [org.apache.struts2.config.BeanSelectionProvider] - <Choosing bean (struts) for (com.opensymphony.xwork2.conversion.ConversionPropertiesProcessor)>
2015-11-16 20:35:50,831 INFO [org.apache.struts2.config.BeanSelectionProvider] - <Choosing bean (struts) for (com.opensymphony.xwork2.conversion.ConversionFileProcessor)>
2015-11-16 20:35:50,831 INFO [org.apache.struts2.config.BeanSelectionProvider] - <Choosing bean (struts) for (com.opensymphony.xwork2.conversion.ConversionAnnotationProcessor)>
2015-11-16 20:35:50,831 INFO [org.apache.struts2.config.BeanSelectionProvider] - <Choosing bean (struts) for (com.opensymphony.xwork2.conversion.TypeConverterCreator)>
2015-11-16 20:35:50,831 INFO [org.apache.struts2.config.BeanSelectionProvider] - <Choosing bean (struts) for (com.opensymphony.xwork2.conversion.TypeConverterHolder)>
2015-11-16 20:35:50,831 INFO [org.apache.struts2.config.BeanSelectionProvider] - <Choosing bean (struts) for (com.opensymphony.xwork2.TextProvider)>
2015-11-16 20:35:50,831 INFO [org.apache.struts2.config.BeanSelectionProvider] - <Choosing bean (struts) for (com.opensymphony.xwork2.LocaleProvider)>
2015-11-16 20:35:50,831 INFO [org.apache.struts2.config.BeanSelectionProvider] - <Choosing bean (struts) for (com.opensymphony.xwork2.ActionProxyFactory)>
2015-11-16 20:35:50,831 INFO [org.apache.struts2.config.BeanSelectionProvider] - <Choosing bean (struts) for (com.opensymphony.xwork2.conversion.ObjectTypeDeterminer)>
2015-11-16 20:35:50,831 INFO [org.apache.struts2.config.BeanSelectionProvider] - <Choosing bean (struts) for (org.apache.struts2.dispatcher.mapper.ActionMapper)>
2015-11-16 20:35:50,831 INFO [org.apache.struts2.config.BeanSelectionProvider] - <Choosing bean (jakarta) for (org.apache.struts2.dispatcher.multipart.MultiPartRequest)>
2015-11-16 20:35:50,831 INFO [org.apache.struts2.config.BeanSelectionProvider] - <Choosing bean (struts) for (org.apache.struts2.views.freemarker.FreemarkerManager)>
2015-11-16 20:35:50,831 INFO [org.apache.struts2.config.BeanSelectionProvider] - <Choosing bean (struts) for (org.apache.struts2.components.UrlRenderer)>
2015-11-16 20:35:50,831 INFO [org.apache.struts2.config.BeanSelectionProvider] - <Choosing bean (struts) for (com.opensymphony.xwork2.validator.ActionValidatorManager)>
2015-11-16 20:35:50,831 INFO [org.apache.struts2.config.BeanSelectionProvider] - <Choosing bean (struts) for (com.opensymphony.xwork2.util.ValueStackFactory)>
2015-11-16 20:35:50,831 INFO [org.apache.struts2.config.BeanSelectionProvider] - <Choosing bean (struts) for (com.opensymphony.xwork2.util.reflection.ReflectionProvider)>
2015-11-16 20:35:50,831 INFO [org.apache.struts2.config.BeanSelectionProvider] - <Choosing bean (struts) for (com.opensymphony.xwork2.util.reflection.ReflectionContextFactory)>
2015-11-16 20:35:50,831 INFO [org.apache.struts2.config.BeanSelectionProvider] - <Choosing bean (struts) for (com.opensymphony.xwork2.util.PatternMatcher)>
2015-11-16 20:35:50,831 INFO [org.apache.struts2.config.BeanSelectionProvider] - <Choosing bean (struts) for (org.apache.struts2.dispatcher.StaticContentLoader)>
2015-11-16 20:35:50,831 INFO [org.apache.struts2.config.BeanSelectionProvider] - <Choosing bean (struts) for (com.opensymphony.xwork2.UnknownHandlerManager)>
2015-11-16 20:35:50,831 INFO [org.apache.struts2.config.BeanSelectionProvider] - <Choosing bean (struts) for (org.apache.struts2.views.util.UrlHelper)>
2015-11-16 20:35:50,831 INFO [org.apache.struts2.config.BeanSelectionProvider] - <Choosing bean (struts) for (com.opensymphony.xwork2.util.TextParser)>
2015-11-16 20:35:50,846 INFO [org.apache.struts2.spring.StrutsSpringObjectFactory] - <Initializing Struts-Spring integration...>
2015-11-16 20:35:50,846 INFO [com.opensymphony.xwork2.spring.SpringObjectFactory] - <Setting autowire strategy to name>
2015-11-16 20:35:50,846 INFO [org.apache.struts2.spring.StrutsSpringObjectFactory] - <... initialized Struts-Spring integration successfully>
2015-11-16 20:35:51,581 INFO [org.springframework.web.servlet.DispatcherServlet] - <FrameworkServlet 'appServlet': initialization started>
2015-11-16 20:35:51,581 INFO [org.springframework.web.context.support.XmlWebApplicationContext] - <Refreshing WebApplicationContext for namespace 'appServlet-servlet': startup date [Mon Nov 16 20:35:51 CST 2015]; parent: Root WebApplicationContext>
2015-11-16 20:35:51,581 INFO [org.springframework.beans.factory.xml.XmlBeanDefinitionReader] - <Loading XML bean definitions from ServletContext resource [/WEB-INF/spring/appServlet/servlet-context.xml]>
2015-11-16 20:35:51,691 INFO [org.springframework.beans.factory.annotation.AutowiredAnnotationBeanPostProcessor] - <JSR-330 'javax.inject.Inject' annotation found and supported for autowiring>
2015-11-16 20:35:52,128 INFO [org.springframework.web.servlet.handler.SimpleUrlHandlerMapping] - <Mapped URL path [/resources/**] onto handler 'org.springframework.web.servlet.resource.ResourceHttpRequestHandler#0'>
2015-11-16 20:35:52,159 INFO [org.springframework.web.servlet.DispatcherServlet] - <FrameworkServlet 'appServlet': initialization completed in 578 ms>
2015-11-16 20:48:18,897 INFO [org.springframework.web.context.ContextLoader] - <Root WebApplicationContext: initialization started>
2015-11-16 20:48:19,008 INFO [org.springframework.web.context.support.XmlWebApplicationContext] - <Refreshing Root WebApplicationContext: startup date [Mon Nov 16 20:48:19 CST 2015]; root of context hierarchy>
2015-11-16 20:48:19,040 INFO [org.springframework.beans.factory.xml.XmlBeanDefinitionReader] - <Loading XML bean definitions from ServletContext resource [/WEB-INF/spring/root-context.xml]>
2015-11-16 20:48:19,352 INFO [org.springframework.beans.factory.xml.XmlBeanDefinitionReader] - <Loading XML bean definitions from ServletContext resource [/WEB-INF/spring/service.spring.xml]>
2015-11-16 20:48:19,383 INFO [org.springframework.beans.factory.xml.XmlBeanDefinitionReader] - <Loading XML bean definitions from ServletContext resource [/WEB-INF/spring/mail.spring.xml]>
2015-11-16 20:48:19,398 INFO [org.springframework.beans.factory.xml.XmlBeanDefinitionReader] - <Loading XML bean definitions from ServletContext resource [/WEB-INF/spring/scheduler.spring.xml]>
2015-11-16 20:48:19,430 INFO [org.springframework.beans.factory.support.DefaultListableBeanFactory] - <Overriding bean definition for bean 'scheduleService': replacing [Generic bean: class [com.zhc.schedule.quartz.service.ScheduleServiceImpl]; scope=; abstract=false; lazyInit=false; autowireMode=1; dependencyCheck=0; autowireCandidate=true; primary=false; factoryBeanName=null; factoryMethodName=null; initMethodName=null; destroyMethodName=null; defined in ServletContext resource [/WEB-INF/spring/service.spring.xml]] with [Generic bean: class [com.zhc.schedule.quartz.service.ScheduleServiceImpl]; scope=; abstract=false; lazyInit=false; autowireMode=1; dependencyCheck=0; autowireCandidate=true; primary=false; factoryBeanName=null; factoryMethodName=null; initMethodName=null; destroyMethodName=null; defined in ServletContext resource [/WEB-INF/spring/scheduler.spring.xml]]>
2015-11-16 20:48:19,601 INFO [org.springframework.beans.factory.annotation.AutowiredAnnotationBeanPostProcessor] - <JSR-330 'javax.inject.Inject' annotation found and supported for autowiring>
2015-11-16 20:48:20,178 INFO [com.alibaba.druid.pool.DruidDataSource] - <{dataSource-1} inited>
2015-11-16 20:48:20,226 INFO [org.springframework.orm.jpa.LocalContainerEntityManagerFactoryBean] - <Building JPA container EntityManagerFactory for persistence unit 'zhc'>
2015-11-16 20:48:20,257 INFO [org.hibernate.jpa.internal.util.LogHelper] - <HHH000204: Processing PersistenceUnitInfo [
	name: zhc
	...]>
2015-11-16 20:48:20,351 INFO [org.hibernate.Version] - <HHH000412: Hibernate Core {4.3.5.Final}>
2015-11-16 20:48:20,367 INFO [org.hibernate.cfg.Environment] - <HHH000206: hibernate.properties not found>
2015-11-16 20:48:20,367 INFO [org.hibernate.cfg.Environment] - <HHH000021: Bytecode provider name : javassist>
2015-11-16 20:48:20,648 INFO [org.hibernate.annotations.common.Version] - <HCANN000001: Hibernate Commons Annotations {4.0.4.Final}>
2015-11-16 20:48:20,695 INFO [org.hibernate.dialect.Dialect] - <HHH000400: Using dialect: org.hibernate.dialect.MySQL5Dialect>
2015-11-16 20:48:20,711 INFO [org.hibernate.engine.jdbc.internal.LobCreatorBuilder] - <HHH000422: Disabling contextual LOB creation as connection was null>
2015-11-16 20:48:20,914 WARN [org.hibernate.mapping.RootClass] - <HHH000038: Composite-id class does not override equals(): com.zhc.sys.entity.SysRoleToSysMenuId>
2015-11-16 20:48:20,914 WARN [org.hibernate.mapping.RootClass] - <HHH000039: Composite-id class does not override hashCode(): com.zhc.sys.entity.SysRoleToSysMenuId>
2015-11-16 20:48:20,929 INFO [org.hibernate.hql.internal.ast.ASTQueryTranslatorFactory] - <HHH000397: Using ASTQueryTranslatorFactory>
2015-11-16 20:48:21,397 INFO [org.hibernate.tool.hbm2ddl.SchemaUpdate] - <HHH000228: Running hbm2ddl schema update>
2015-11-16 20:48:21,397 INFO [org.hibernate.tool.hbm2ddl.SchemaUpdate] - <HHH000102: Fetching database metadata>
2015-11-16 20:48:21,413 INFO [org.hibernate.tool.hbm2ddl.SchemaUpdate] - <HHH000396: Updating schema>
2015-11-16 20:48:21,428 INFO [org.hibernate.tool.hbm2ddl.TableMetadata] - <HHH000261: Table found: qhdask.MailFailLog>
2015-11-16 20:48:21,428 INFO [org.hibernate.tool.hbm2ddl.TableMetadata] - <HHH000037: Columns: [senddate, content, id, title, execdate, status, exception, receivermails]>
2015-11-16 20:48:21,428 INFO [org.hibernate.tool.hbm2ddl.TableMetadata] - <HHH000108: Foreign keys: []>
2015-11-16 20:48:21,428 INFO [org.hibernate.tool.hbm2ddl.TableMetadata] - <HHH000126: Indexes: [primary]>
2015-11-16 20:48:21,445 INFO [org.hibernate.tool.hbm2ddl.TableMetadata] - <HHH000261: Table found: qhdask.affix>
2015-11-16 20:48:21,445 INFO [org.hibernate.tool.hbm2ddl.TableMetadata] - <HHH000037: Columns: [id, source, extname, objecttype, name, path, createdate, downnum, type, objectid, size, hotnum]>
2015-11-16 20:48:21,445 INFO [org.hibernate.tool.hbm2ddl.TableMetadata] - <HHH000108: Foreign keys: []>
2015-11-16 20:48:21,445 INFO [org.hibernate.tool.hbm2ddl.TableMetadata] - <HHH000126: Indexes: [primary]>
2015-11-16 20:48:21,461 INFO [org.hibernate.tool.hbm2ddl.TableMetadata] - <HHH000261: Table found: qhdask.ask_answer>
2015-11-16 20:48:21,461 INFO [org.hibernate.tool.hbm2ddl.TableMetadata] - <HHH000037: Columns: [id, status, hidden, createdate, question_id, answercontent, member_id]>
2015-11-16 20:48:21,461 INFO [org.hibernate.tool.hbm2ddl.TableMetadata] - <HHH000108: Foreign keys: [fk_f2r12tcmoossnxp6cdotn2idh, fk_nqjh3hsb5dccu20i0lhbc4iqs]>
2015-11-16 20:48:21,461 INFO [org.hibernate.tool.hbm2ddl.TableMetadata] - <HHH000126: Indexes: [primary, fk_f2r12tcmoossnxp6cdotn2idh, fk_nqjh3hsb5dccu20i0lhbc4iqs]>
2015-11-16 20:48:21,476 INFO [org.hibernate.tool.hbm2ddl.TableMetadata] - <HHH000261: Table found: qhdask.ask_classify>
2015-11-16 20:48:21,476 INFO [org.hibernate.tool.hbm2ddl.TableMetadata] - <HHH000037: Columns: [alias, link, createdate, img, parentid, id, extendf1, description, extendf2, name, ename, orderby, updatedate]>
2015-11-16 20:48:21,476 INFO [org.hibernate.tool.hbm2ddl.TableMetadata] - <HHH000108: Foreign keys: [fk_6noujkvl3n81tfnnfemv8nxjv]>
2015-11-16 20:48:21,476 INFO [org.hibernate.tool.hbm2ddl.TableMetadata] - <HHH000126: Indexes: [fk_6noujkvl3n81tfnnfemv8nxjv, primary]>
2015-11-16 20:48:21,492 INFO [org.hibernate.tool.hbm2ddl.TableMetadata] - <HHH000261: Table found: qhdask.ask_member>
2015-11-16 20:48:21,492 INFO [org.hibernate.tool.hbm2ddl.TableMetadata] - <HHH000037: Columns: [expertisearea, curryears, lastlogindate, sex, joindate, truename, status, exprettitle, education, professional, photo, password, personprofile, id, jobtitle, loginname, currprofessional, school, address, email, servicefall, company, birthdate, role, telephone, qqwechart]>
2015-11-16 20:48:21,492 INFO [org.hibernate.tool.hbm2ddl.TableMetadata] - <HHH000108: Foreign keys: []>
2015-11-16 20:48:21,492 INFO [org.hibernate.tool.hbm2ddl.TableMetadata] - <HHH000126: Indexes: [primary]>
2015-11-16 20:48:21,507 INFO [org.hibernate.tool.hbm2ddl.TableMetadata] - <HHH000261: Table found: qhdask.ask_question>
2015-11-16 20:48:21,507 INFO [org.hibernate.tool.hbm2ddl.TableMetadata] - <HHH000037: Columns: [classify_id, isopen, asktag, status, createdate, replaycount, viewcount, member_id, id, title, lastreplaydate, description, hidden]>
2015-11-16 20:48:21,507 INFO [org.hibernate.tool.hbm2ddl.TableMetadata] - <HHH000108: Foreign keys: [fk_dtrv30jugiivr551nxjxcl9vr, fk_27idcpxqeptjxgh584meqdec6]>
2015-11-16 20:48:21,507 INFO [org.hibernate.tool.hbm2ddl.TableMetadata] - <HHH000126: Indexes: [fk_dtrv30jugiivr551nxjxcl9vr, fk_27idcpxqeptjxgh584meqdec6, primary]>
2015-11-16 20:48:21,507 INFO [org.hibernate.tool.hbm2ddl.TableMetadata] - <HHH000261: Table found: qhdask.qz_job_detail>
2015-11-16 20:48:21,507 INFO [org.hibernate.tool.hbm2ddl.TableMetadata] - <HHH000037: Columns: [classname, id, extendf1, description, extendf3, extendf2, name, extendf5, extendf4, extendf7, parameters, extendf6, extendf8]>
2015-11-16 20:48:21,507 INFO [org.hibernate.tool.hbm2ddl.TableMetadata] - <HHH000108: Foreign keys: []>
2015-11-16 20:48:21,507 INFO [org.hibernate.tool.hbm2ddl.TableMetadata] - <HHH000126: Indexes: [primary]>
2015-11-16 20:48:21,523 INFO [org.hibernate.tool.hbm2ddl.TableMetadata] - <HHH000261: Table found: qhdask.qz_log>
2015-11-16 20:48:21,523 INFO [org.hibernate.tool.hbm2ddl.TableMetadata] - <HHH000037: Columns: [id, result, jobname, exectime, exception, otherremark]>
2015-11-16 20:48:21,523 INFO [org.hibernate.tool.hbm2ddl.TableMetadata] - <HHH000108: Foreign keys: []>
2015-11-16 20:48:21,523 INFO [org.hibernate.tool.hbm2ddl.TableMetadata] - <HHH000126: Indexes: [primary]>
2015-11-16 20:48:21,554 INFO [org.hibernate.tool.hbm2ddl.TableMetadata] - <HHH000261: Table found: qhdask.qz_trigger>
2015-11-16 20:48:21,554 INFO [org.hibernate.tool.hbm2ddl.TableMetadata] - <HHH000037: Columns: [cronexpression, status, qzjobdetail_id, repeatinterval, type, repeatcount, startdelay, id, startdate, extendf1, description, extendf3, name, extendf2, extendf5, extendf4, extendf7, extendf6, extendf9, enddate, extendf8]>
2015-11-16 20:48:21,554 INFO [org.hibernate.tool.hbm2ddl.TableMetadata] - <HHH000108: Foreign keys: [fk_2gypa1lpf5oij9ksti5ggo1s5]>
2015-11-16 20:48:21,554 INFO [org.hibernate.tool.hbm2ddl.TableMetadata] - <HHH000126: Indexes: [primary, fk_2gypa1lpf5oij9ksti5ggo1s5]>
2015-11-16 20:48:21,554 INFO [org.hibernate.tool.hbm2ddl.TableMetadata] - <HHH000261: Table found: qhdask.sysmenu>
2015-11-16 20:48:21,554 INFO [org.hibernate.tool.hbm2ddl.TableMetadata] - <HHH000037: Columns: [alias, link, createdate, img, parentid, id, extendf1, description, extendf2, name, ename, orderby, updatedate]>
2015-11-16 20:48:21,554 INFO [org.hibernate.tool.hbm2ddl.TableMetadata] - <HHH000108: Foreign keys: [fk_5p24yuafh3b9skc4qb4bp6ete]>
2015-11-16 20:48:21,554 INFO [org.hibernate.tool.hbm2ddl.TableMetadata] - <HHH000126: Indexes: [fk_5p24yuafh3b9skc4qb4bp6ete, primary]>
2015-11-16 20:48:21,570 INFO [org.hibernate.tool.hbm2ddl.TableMetadata] - <HHH000261: Table found: qhdask.syspopedom>
2015-11-16 20:48:21,570 INFO [org.hibernate.tool.hbm2ddl.TableMetadata] - <HHH000037: Columns: [id, description, sys_code]>
2015-11-16 20:48:21,570 INFO [org.hibernate.tool.hbm2ddl.TableMetadata] - <HHH000108: Foreign keys: []>
2015-11-16 20:48:21,570 INFO [org.hibernate.tool.hbm2ddl.TableMetadata] - <HHH000126: Indexes: [primary]>
2015-11-16 20:48:21,585 INFO [org.hibernate.tool.hbm2ddl.TableMetadata] - <HHH000261: Table found: qhdask.sysrole>
2015-11-16 20:48:21,585 INFO [org.hibernate.tool.hbm2ddl.TableMetadata] - <HHH000037: Columns: [id, extendf1, popedoms, description, name, extendf2, type]>
2015-11-16 20:48:21,585 INFO [org.hibernate.tool.hbm2ddl.TableMetadata] - <HHH000108: Foreign keys: []>
2015-11-16 20:48:21,585 INFO [org.hibernate.tool.hbm2ddl.TableMetadata] - <HHH000126: Indexes: [primary]>
2015-11-16 20:48:21,585 INFO [org.hibernate.tool.hbm2ddl.TableMetadata] - <HHH000261: Table found: qhdask.sysrole_syspopedom>
2015-11-16 20:48:21,585 INFO [org.hibernate.tool.hbm2ddl.TableMetadata] - <HHH000037: Columns: [syspopedom_id, sysrole_id]>
2015-11-16 20:48:21,585 INFO [org.hibernate.tool.hbm2ddl.TableMetadata] - <HHH000108: Foreign keys: [fk_oo7xoflcnvf8skw5omrbql5h9, fk_53kgl5trsotv45d01ox8o04ru]>
2015-11-16 20:48:21,585 INFO [org.hibernate.tool.hbm2ddl.TableMetadata] - <HHH000126: Indexes: [fk_oo7xoflcnvf8skw5omrbql5h9, primary]>
2015-11-16 20:48:21,601 INFO [org.hibernate.tool.hbm2ddl.TableMetadata] - <HHH000261: Table found: qhdask.sysroletosysmenu>
2015-11-16 20:48:21,601 INFO [org.hibernate.tool.hbm2ddl.TableMetadata] - <HHH000037: Columns: [sysmenu_id, extendf1, sysrole_id]>
2015-11-16 20:48:21,601 INFO [org.hibernate.tool.hbm2ddl.TableMetadata] - <HHH000108: Foreign keys: [fk_m56ufpq4f5xl2jrv8acjjxsk4, fk_bi2ymf7m10j8fe7d1ll4bq47q]>
2015-11-16 20:48:21,601 INFO [org.hibernate.tool.hbm2ddl.TableMetadata] - <HHH000126: Indexes: [fk_m56ufpq4f5xl2jrv8acjjxsk4, primary]>
2015-11-16 20:48:21,617 INFO [org.hibernate.tool.hbm2ddl.TableMetadata] - <HHH000261: Table found: qhdask.sysuser>
2015-11-16 20:48:21,617 INFO [org.hibernate.tool.hbm2ddl.TableMetadata] - <HHH000037: Columns: [id, loginname, phone, lastlogintime, truename, status, email, createdate, password]>
2015-11-16 20:48:21,617 INFO [org.hibernate.tool.hbm2ddl.TableMetadata] - <HHH000108: Foreign keys: []>
2015-11-16 20:48:21,617 INFO [org.hibernate.tool.hbm2ddl.TableMetadata] - <HHH000126: Indexes: [primary]>
2015-11-16 20:48:21,617 INFO [org.hibernate.tool.hbm2ddl.TableMetadata] - <HHH000261: Table found: qhdask.sysusertosysrole>
2015-11-16 20:48:21,617 INFO [org.hibernate.tool.hbm2ddl.TableMetadata] - <HHH000037: Columns: [id, sysuser_id, sysrole_id]>
2015-11-16 20:48:21,617 INFO [org.hibernate.tool.hbm2ddl.TableMetadata] - <HHH000108: Foreign keys: [fk_e5l6iwfa48hhxe0mog0ct1j44, fk_lmbccldu4qd824ptp58txfr6o]>
2015-11-16 20:48:21,617 INFO [org.hibernate.tool.hbm2ddl.TableMetadata] - <HHH000126: Indexes: [primary, fk_e5l6iwfa48hhxe0mog0ct1j44, fk_lmbccldu4qd824ptp58txfr6o]>
2015-11-16 20:48:21,617 INFO [org.hibernate.tool.hbm2ddl.SchemaUpdate] - <HHH000232: Schema update complete>
2015-11-16 20:48:22,069 INFO [org.quartz.impl.StdSchedulerFactory] - <Using default implementation for ThreadExecutor>
2015-11-16 20:48:22,100 INFO [org.quartz.core.SchedulerSignalerImpl] - <Initialized Scheduler Signaller of type: class org.quartz.core.SchedulerSignalerImpl>
2015-11-16 20:48:22,100 INFO [org.quartz.core.QuartzScheduler] - <Quartz Scheduler v.2.2.1 created.>
2015-11-16 20:48:22,100 INFO [org.quartz.simpl.RAMJobStore] - <RAMJobStore initialized.>
2015-11-16 20:48:22,100 INFO [org.quartz.core.QuartzScheduler] - <Scheduler meta-data: Quartz Scheduler (v2.2.1) 'scheduler' with instanceId 'NON_CLUSTERED'
  Scheduler class: 'org.quartz.core.QuartzScheduler' - running locally.
  NOT STARTED.
  Currently in standby mode.
  Number of jobs executed: 0
  Using thread pool 'org.quartz.simpl.SimpleThreadPool' - with 10 threads.
  Using job-store 'org.quartz.simpl.RAMJobStore' - which does not support persistence. and is not clustered.
>
2015-11-16 20:48:22,100 INFO [org.quartz.impl.StdSchedulerFactory] - <Quartz scheduler 'scheduler' initialized from an externally provided properties instance.>
2015-11-16 20:48:22,100 INFO [org.quartz.impl.StdSchedulerFactory] - <Quartz scheduler version: 2.2.1>
2015-11-16 20:48:22,100 INFO [org.quartz.core.QuartzScheduler] - <JobFactory set to: org.springframework.scheduling.quartz.AdaptableJobFactory@140b2a90>
2015-11-16 20:48:22,116 INFO [com.zhc.schedule.quartz.ScheduleManager] - <任务调度器开始装载数据库任务信息....>
2015-11-16 20:48:22,334 INFO [org.springframework.context.support.DefaultLifecycleProcessor] - <Starting beans in phase 2147483647>
2015-11-16 20:48:22,334 INFO [org.springframework.scheduling.quartz.SchedulerFactoryBean] - <Starting Quartz Scheduler now>
2015-11-16 20:48:22,334 INFO [org.quartz.core.QuartzScheduler] - <Scheduler scheduler_$_NON_CLUSTERED started.>
2015-11-16 20:48:22,350 INFO [org.springframework.web.context.ContextLoader] - <Root WebApplicationContext: initialization completed in 3437 ms>
2015-11-16 20:48:22,694 INFO [com.opensymphony.xwork2.config.providers.XmlConfigurationProvider] - <Parsing configuration file [struts-default.xml]>
2015-11-16 20:48:22,772 INFO [com.opensymphony.xwork2.config.providers.XmlConfigurationProvider] - <Parsing configuration file [struts-plugin.xml]>
2015-11-16 20:48:22,834 INFO [com.opensymphony.xwork2.config.providers.XmlConfigurationProvider] - <Parsing configuration file [struts.xml]>
2015-11-16 20:48:22,834 INFO [org.apache.struts2.config.BeanSelectionProvider] - <Choosing bean (spring) for (com.opensymphony.xwork2.ObjectFactory)>
2015-11-16 20:48:22,834 INFO [org.apache.struts2.config.BeanSelectionProvider] - <Choosing bean (struts) for (com.opensymphony.xwork2.FileManagerFactory)>
2015-11-16 20:48:22,834 INFO [org.apache.struts2.config.BeanSelectionProvider] - <Choosing bean (struts) for (com.opensymphony.xwork2.conversion.impl.XWorkConverter)>
2015-11-16 20:48:22,834 INFO [org.apache.struts2.config.BeanSelectionProvider] - <Choosing bean (struts) for (com.opensymphony.xwork2.conversion.impl.CollectionConverter)>
2015-11-16 20:48:22,834 INFO [org.apache.struts2.config.BeanSelectionProvider] - <Choosing bean (struts) for (com.opensymphony.xwork2.conversion.impl.ArrayConverter)>
2015-11-16 20:48:22,834 INFO [org.apache.struts2.config.BeanSelectionProvider] - <Choosing bean (struts) for (com.opensymphony.xwork2.conversion.impl.DateConverter)>
2015-11-16 20:48:22,834 INFO [org.apache.struts2.config.BeanSelectionProvider] - <Choosing bean (struts) for (com.opensymphony.xwork2.conversion.impl.NumberConverter)>
2015-11-16 20:48:22,834 INFO [org.apache.struts2.config.BeanSelectionProvider] - <Choosing bean (struts) for (com.opensymphony.xwork2.conversion.impl.StringConverter)>
2015-11-16 20:48:22,834 INFO [org.apache.struts2.config.BeanSelectionProvider] - <Choosing bean (struts) for (com.opensymphony.xwork2.conversion.ConversionPropertiesProcessor)>
2015-11-16 20:48:22,834 INFO [org.apache.struts2.config.BeanSelectionProvider] - <Choosing bean (struts) for (com.opensymphony.xwork2.conversion.ConversionFileProcessor)>
2015-11-16 20:48:22,834 INFO [org.apache.struts2.config.BeanSelectionProvider] - <Choosing bean (struts) for (com.opensymphony.xwork2.conversion.ConversionAnnotationProcessor)>
2015-11-16 20:48:22,834 INFO [org.apache.struts2.config.BeanSelectionProvider] - <Choosing bean (struts) for (com.opensymphony.xwork2.conversion.TypeConverterCreator)>
2015-11-16 20:48:22,834 INFO [org.apache.struts2.config.BeanSelectionProvider] - <Choosing bean (struts) for (com.opensymphony.xwork2.conversion.TypeConverterHolder)>
2015-11-16 20:48:22,834 INFO [org.apache.struts2.config.BeanSelectionProvider] - <Choosing bean (struts) for (com.opensymphony.xwork2.TextProvider)>
2015-11-16 20:48:22,834 INFO [org.apache.struts2.config.BeanSelectionProvider] - <Choosing bean (struts) for (com.opensymphony.xwork2.LocaleProvider)>
2015-11-16 20:48:22,834 INFO [org.apache.struts2.config.BeanSelectionProvider] - <Choosing bean (struts) for (com.opensymphony.xwork2.ActionProxyFactory)>
2015-11-16 20:48:22,834 INFO [org.apache.struts2.config.BeanSelectionProvider] - <Choosing bean (struts) for (com.opensymphony.xwork2.conversion.ObjectTypeDeterminer)>
2015-11-16 20:48:22,834 INFO [org.apache.struts2.config.BeanSelectionProvider] - <Choosing bean (struts) for (org.apache.struts2.dispatcher.mapper.ActionMapper)>
2015-11-16 20:48:22,834 INFO [org.apache.struts2.config.BeanSelectionProvider] - <Choosing bean (jakarta) for (org.apache.struts2.dispatcher.multipart.MultiPartRequest)>
2015-11-16 20:48:22,834 INFO [org.apache.struts2.config.BeanSelectionProvider] - <Choosing bean (struts) for (org.apache.struts2.views.freemarker.FreemarkerManager)>
2015-11-16 20:48:22,834 INFO [org.apache.struts2.config.BeanSelectionProvider] - <Choosing bean (struts) for (org.apache.struts2.components.UrlRenderer)>
2015-11-16 20:48:22,834 INFO [org.apache.struts2.config.BeanSelectionProvider] - <Choosing bean (struts) for (com.opensymphony.xwork2.validator.ActionValidatorManager)>
2015-11-16 20:48:22,834 INFO [org.apache.struts2.config.BeanSelectionProvider] - <Choosing bean (struts) for (com.opensymphony.xwork2.util.ValueStackFactory)>
2015-11-16 20:48:22,834 INFO [org.apache.struts2.config.BeanSelectionProvider] - <Choosing bean (struts) for (com.opensymphony.xwork2.util.reflection.ReflectionProvider)>
2015-11-16 20:48:22,834 INFO [org.apache.struts2.config.BeanSelectionProvider] - <Choosing bean (struts) for (com.opensymphony.xwork2.util.reflection.ReflectionContextFactory)>
2015-11-16 20:48:22,834 INFO [org.apache.struts2.config.BeanSelectionProvider] - <Choosing bean (struts) for (com.opensymphony.xwork2.util.PatternMatcher)>
2015-11-16 20:48:22,834 INFO [org.apache.struts2.config.BeanSelectionProvider] - <Choosing bean (struts) for (org.apache.struts2.dispatcher.StaticContentLoader)>
2015-11-16 20:48:22,834 INFO [org.apache.struts2.config.BeanSelectionProvider] - <Choosing bean (struts) for (com.opensymphony.xwork2.UnknownHandlerManager)>
2015-11-16 20:48:22,834 INFO [org.apache.struts2.config.BeanSelectionProvider] - <Choosing bean (struts) for (org.apache.struts2.views.util.UrlHelper)>
2015-11-16 20:48:22,834 INFO [org.apache.struts2.config.BeanSelectionProvider] - <Choosing bean (struts) for (com.opensymphony.xwork2.util.TextParser)>
2015-11-16 20:48:22,850 INFO [org.apache.struts2.spring.StrutsSpringObjectFactory] - <Initializing Struts-Spring integration...>
2015-11-16 20:48:22,850 INFO [com.opensymphony.xwork2.spring.SpringObjectFactory] - <Setting autowire strategy to name>
2015-11-16 20:48:22,850 INFO [org.apache.struts2.spring.StrutsSpringObjectFactory] - <... initialized Struts-Spring integration successfully>
2015-11-16 20:48:23,490 INFO [org.springframework.web.servlet.DispatcherServlet] - <FrameworkServlet 'appServlet': initialization started>
2015-11-16 20:48:23,490 INFO [org.springframework.web.context.support.XmlWebApplicationContext] - <Refreshing WebApplicationContext for namespace 'appServlet-servlet': startup date [Mon Nov 16 20:48:23 CST 2015]; parent: Root WebApplicationContext>
2015-11-16 20:48:23,490 INFO [org.springframework.beans.factory.xml.XmlBeanDefinitionReader] - <Loading XML bean definitions from ServletContext resource [/WEB-INF/spring/appServlet/servlet-context.xml]>
2015-11-16 20:48:23,600 INFO [org.springframework.beans.factory.annotation.AutowiredAnnotationBeanPostProcessor] - <JSR-330 'javax.inject.Inject' annotation found and supported for autowiring>
2015-11-16 20:48:23,959 INFO [org.springframework.web.servlet.handler.SimpleUrlHandlerMapping] - <Mapped URL path [/resources/**] onto handler 'org.springframework.web.servlet.resource.ResourceHttpRequestHandler#0'>
2015-11-16 20:48:23,990 INFO [org.springframework.web.servlet.DispatcherServlet] - <FrameworkServlet 'appServlet': initialization completed in 500 ms>
2015-11-16 21:18:08,339 WARN [org.hibernate.hql.internal.ast.HqlSqlWalker] - <[DEPRECATION] Encountered positional parameter near line 1, column 94.  Positional parameter are considered deprecated; use named parameters or JPA-style positional parameters instead.>
2015-11-16 21:18:08,341 WARN [org.hibernate.hql.internal.ast.HqlSqlWalker] - <[DEPRECATION] Encountered positional parameter near line 1, column 109.  Positional parameter are considered deprecated; use named parameters or JPA-style positional parameters instead.>
2015-11-16 21:18:08,356 WARN [org.hibernate.hql.internal.ast.HqlSqlWalker] - <[DEPRECATION] Encountered positional parameter near line 1, column 75.  Positional parameter are considered deprecated; use named parameters or JPA-style positional parameters instead.>
2015-11-16 21:18:08,357 WARN [org.hibernate.hql.internal.ast.HqlSqlWalker] - <[DEPRECATION] Encountered positional parameter near line 1, column 90.  Positional parameter are considered deprecated; use named parameters or JPA-style positional parameters instead.>
2015-11-16 21:18:45,005 INFO [org.springframework.web.context.ContextLoader] - <Root WebApplicationContext: initialization started>
2015-11-16 21:18:45,100 INFO [org.springframework.web.context.support.XmlWebApplicationContext] - <Refreshing Root WebApplicationContext: startup date [Mon Nov 16 21:18:45 CST 2015]; root of context hierarchy>
2015-11-16 21:18:45,147 INFO [org.springframework.beans.factory.xml.XmlBeanDefinitionReader] - <Loading XML bean definitions from ServletContext resource [/WEB-INF/spring/root-context.xml]>
2015-11-16 21:18:45,491 INFO [org.springframework.beans.factory.xml.XmlBeanDefinitionReader] - <Loading XML bean definitions from ServletContext resource [/WEB-INF/spring/service.spring.xml]>
2015-11-16 21:18:45,506 INFO [org.springframework.beans.factory.xml.XmlBeanDefinitionReader] - <Loading XML bean definitions from ServletContext resource [/WEB-INF/spring/mail.spring.xml]>
2015-11-16 21:18:45,522 INFO [org.springframework.beans.factory.xml.XmlBeanDefinitionReader] - <Loading XML bean definitions from ServletContext resource [/WEB-INF/spring/scheduler.spring.xml]>
2015-11-16 21:18:45,553 INFO [org.springframework.beans.factory.support.DefaultListableBeanFactory] - <Overriding bean definition for bean 'scheduleService': replacing [Generic bean: class [com.zhc.schedule.quartz.service.ScheduleServiceImpl]; scope=; abstract=false; lazyInit=false; autowireMode=1; dependencyCheck=0; autowireCandidate=true; primary=false; factoryBeanName=null; factoryMethodName=null; initMethodName=null; destroyMethodName=null; defined in ServletContext resource [/WEB-INF/spring/service.spring.xml]] with [Generic bean: class [com.zhc.schedule.quartz.service.ScheduleServiceImpl]; scope=; abstract=false; lazyInit=false; autowireMode=1; dependencyCheck=0; autowireCandidate=true; primary=false; factoryBeanName=null; factoryMethodName=null; initMethodName=null; destroyMethodName=null; defined in ServletContext resource [/WEB-INF/spring/scheduler.spring.xml]]>
2015-11-16 21:18:45,694 INFO [org.springframework.beans.factory.annotation.AutowiredAnnotationBeanPostProcessor] - <JSR-330 'javax.inject.Inject' annotation found and supported for autowiring>
2015-11-16 21:18:46,224 INFO [com.alibaba.druid.pool.DruidDataSource] - <{dataSource-1} inited>
2015-11-16 21:18:46,272 INFO [org.springframework.orm.jpa.LocalContainerEntityManagerFactoryBean] - <Building JPA container EntityManagerFactory for persistence unit 'zhc'>
2015-11-16 21:18:46,303 INFO [org.hibernate.jpa.internal.util.LogHelper] - <HHH000204: Processing PersistenceUnitInfo [
	name: zhc
	...]>
2015-11-16 21:18:46,381 INFO [org.hibernate.Version] - <HHH000412: Hibernate Core {4.3.5.Final}>
2015-11-16 21:18:46,381 INFO [org.hibernate.cfg.Environment] - <HHH000206: hibernate.properties not found>
2015-11-16 21:18:46,381 INFO [org.hibernate.cfg.Environment] - <HHH000021: Bytecode provider name : javassist>
2015-11-16 21:18:46,646 INFO [org.hibernate.annotations.common.Version] - <HCANN000001: Hibernate Commons Annotations {4.0.4.Final}>
2015-11-16 21:18:46,693 INFO [org.hibernate.dialect.Dialect] - <HHH000400: Using dialect: org.hibernate.dialect.MySQL5Dialect>
2015-11-16 21:18:46,709 INFO [org.hibernate.engine.jdbc.internal.LobCreatorBuilder] - <HHH000422: Disabling contextual LOB creation as connection was null>
2015-11-16 21:18:46,911 WARN [org.hibernate.mapping.RootClass] - <HHH000038: Composite-id class does not override equals(): com.zhc.sys.entity.SysRoleToSysMenuId>
2015-11-16 21:18:46,911 WARN [org.hibernate.mapping.RootClass] - <HHH000039: Composite-id class does not override hashCode(): com.zhc.sys.entity.SysRoleToSysMenuId>
2015-11-16 21:18:46,927 INFO [org.hibernate.hql.internal.ast.ASTQueryTranslatorFactory] - <HHH000397: Using ASTQueryTranslatorFactory>
2015-11-16 21:18:47,395 INFO [org.hibernate.tool.hbm2ddl.SchemaUpdate] - <HHH000228: Running hbm2ddl schema update>
2015-11-16 21:18:47,395 INFO [org.hibernate.tool.hbm2ddl.SchemaUpdate] - <HHH000102: Fetching database metadata>
2015-11-16 21:18:47,395 INFO [org.hibernate.tool.hbm2ddl.SchemaUpdate] - <HHH000396: Updating schema>
2015-11-16 21:18:47,427 INFO [org.hibernate.tool.hbm2ddl.TableMetadata] - <HHH000261: Table found: qhdask.MailFailLog>
2015-11-16 21:18:47,427 INFO [org.hibernate.tool.hbm2ddl.TableMetadata] - <HHH000037: Columns: [senddate, content, id, title, execdate, status, exception, receivermails]>
2015-11-16 21:18:47,427 INFO [org.hibernate.tool.hbm2ddl.TableMetadata] - <HHH000108: Foreign keys: []>
2015-11-16 21:18:47,427 INFO [org.hibernate.tool.hbm2ddl.TableMetadata] - <HHH000126: Indexes: [primary]>
2015-11-16 21:18:47,443 INFO [org.hibernate.tool.hbm2ddl.TableMetadata] - <HHH000261: Table found: qhdask.affix>
2015-11-16 21:18:47,443 INFO [org.hibernate.tool.hbm2ddl.TableMetadata] - <HHH000037: Columns: [id, source, extname, objecttype, name, path, createdate, downnum, type, objectid, size, hotnum]>
2015-11-16 21:18:47,443 INFO [org.hibernate.tool.hbm2ddl.TableMetadata] - <HHH000108: Foreign keys: []>
2015-11-16 21:18:47,443 INFO [org.hibernate.tool.hbm2ddl.TableMetadata] - <HHH000126: Indexes: [primary]>
2015-11-16 21:18:47,458 INFO [org.hibernate.tool.hbm2ddl.TableMetadata] - <HHH000261: Table found: qhdask.ask_answer>
2015-11-16 21:18:47,458 INFO [org.hibernate.tool.hbm2ddl.TableMetadata] - <HHH000037: Columns: [id, status, hidden, createdate, question_id, answercontent, member_id]>
2015-11-16 21:18:47,458 INFO [org.hibernate.tool.hbm2ddl.TableMetadata] - <HHH000108: Foreign keys: [fk_f2r12tcmoossnxp6cdotn2idh, fk_nqjh3hsb5dccu20i0lhbc4iqs]>
2015-11-16 21:18:47,458 INFO [org.hibernate.tool.hbm2ddl.TableMetadata] - <HHH000126: Indexes: [primary, fk_f2r12tcmoossnxp6cdotn2idh, fk_nqjh3hsb5dccu20i0lhbc4iqs]>
2015-11-16 21:18:47,474 INFO [org.hibernate.tool.hbm2ddl.TableMetadata] - <HHH000261: Table found: qhdask.ask_classify>
2015-11-16 21:18:47,474 INFO [org.hibernate.tool.hbm2ddl.TableMetadata] - <HHH000037: Columns: [alias, link, createdate, img, parentid, id, extendf1, description, extendf2, name, ename, orderby, updatedate]>
2015-11-16 21:18:47,474 INFO [org.hibernate.tool.hbm2ddl.TableMetadata] - <HHH000108: Foreign keys: [fk_6noujkvl3n81tfnnfemv8nxjv]>
2015-11-16 21:18:47,474 INFO [org.hibernate.tool.hbm2ddl.TableMetadata] - <HHH000126: Indexes: [fk_6noujkvl3n81tfnnfemv8nxjv, primary]>
2015-11-16 21:18:47,491 INFO [org.hibernate.tool.hbm2ddl.TableMetadata] - <HHH000261: Table found: qhdask.ask_member>
2015-11-16 21:18:47,491 INFO [org.hibernate.tool.hbm2ddl.TableMetadata] - <HHH000037: Columns: [expertisearea, curryears, lastlogindate, sex, joindate, truename, status, exprettitle, education, professional, photo, password, personprofile, id, jobtitle, loginname, currprofessional, school, address, email, servicefall, company, birthdate, role, telephone, qqwechart]>
2015-11-16 21:18:47,491 INFO [org.hibernate.tool.hbm2ddl.TableMetadata] - <HHH000108: Foreign keys: []>
2015-11-16 21:18:47,491 INFO [org.hibernate.tool.hbm2ddl.TableMetadata] - <HHH000126: Indexes: [primary]>
2015-11-16 21:18:47,506 INFO [org.hibernate.tool.hbm2ddl.TableMetadata] - <HHH000261: Table found: qhdask.ask_question>
2015-11-16 21:18:47,506 INFO [org.hibernate.tool.hbm2ddl.TableMetadata] - <HHH000037: Columns: [classify_id, isopen, asktag, status, createdate, replaycount, viewcount, member_id, id, title, lastreplaydate, description, hidden]>
2015-11-16 21:18:47,506 INFO [org.hibernate.tool.hbm2ddl.TableMetadata] - <HHH000108: Foreign keys: [fk_dtrv30jugiivr551nxjxcl9vr, fk_27idcpxqeptjxgh584meqdec6]>
2015-11-16 21:18:47,506 INFO [org.hibernate.tool.hbm2ddl.TableMetadata] - <HHH000126: Indexes: [fk_dtrv30jugiivr551nxjxcl9vr, fk_27idcpxqeptjxgh584meqdec6, primary]>
2015-11-16 21:18:47,506 INFO [org.hibernate.tool.hbm2ddl.TableMetadata] - <HHH000261: Table found: qhdask.qz_job_detail>
2015-11-16 21:18:47,506 INFO [org.hibernate.tool.hbm2ddl.TableMetadata] - <HHH000037: Columns: [classname, id, extendf1, description, extendf3, extendf2, name, extendf5, extendf4, extendf7, parameters, extendf6, extendf8]>
2015-11-16 21:18:47,506 INFO [org.hibernate.tool.hbm2ddl.TableMetadata] - <HHH000108: Foreign keys: []>
2015-11-16 21:18:47,506 INFO [org.hibernate.tool.hbm2ddl.TableMetadata] - <HHH000126: Indexes: [primary]>
2015-11-16 21:18:47,522 INFO [org.hibernate.tool.hbm2ddl.TableMetadata] - <HHH000261: Table found: qhdask.qz_log>
2015-11-16 21:18:47,522 INFO [org.hibernate.tool.hbm2ddl.TableMetadata] - <HHH000037: Columns: [id, result, jobname, exectime, exception, otherremark]>
2015-11-16 21:18:47,522 INFO [org.hibernate.tool.hbm2ddl.TableMetadata] - <HHH000108: Foreign keys: []>
2015-11-16 21:18:47,522 INFO [org.hibernate.tool.hbm2ddl.TableMetadata] - <HHH000126: Indexes: [primary]>
2015-11-16 21:18:47,537 INFO [org.hibernate.tool.hbm2ddl.TableMetadata] - <HHH000261: Table found: qhdask.qz_trigger>
2015-11-16 21:18:47,553 INFO [org.hibernate.tool.hbm2ddl.TableMetadata] - <HHH000037: Columns: [cronexpression, status, qzjobdetail_id, repeatinterval, type, repeatcount, startdelay, id, startdate, extendf1, description, extendf3, name, extendf2, extendf5, extendf4, extendf7, extendf6, extendf9, enddate, extendf8]>
2015-11-16 21:18:47,553 INFO [org.hibernate.tool.hbm2ddl.TableMetadata] - <HHH000108: Foreign keys: [fk_2gypa1lpf5oij9ksti5ggo1s5]>
2015-11-16 21:18:47,553 INFO [org.hibernate.tool.hbm2ddl.TableMetadata] - <HHH000126: Indexes: [primary, fk_2gypa1lpf5oij9ksti5ggo1s5]>
2015-11-16 21:18:47,553 INFO [org.hibernate.tool.hbm2ddl.TableMetadata] - <HHH000261: Table found: qhdask.sysmenu>
2015-11-16 21:18:47,553 INFO [org.hibernate.tool.hbm2ddl.TableMetadata] - <HHH000037: Columns: [alias, link, createdate, img, parentid, id, extendf1, description, extendf2, name, ename, orderby, updatedate]>
2015-11-16 21:18:47,553 INFO [org.hibernate.tool.hbm2ddl.TableMetadata] - <HHH000108: Foreign keys: [fk_5p24yuafh3b9skc4qb4bp6ete]>
2015-11-16 21:18:47,553 INFO [org.hibernate.tool.hbm2ddl.TableMetadata] - <HHH000126: Indexes: [fk_5p24yuafh3b9skc4qb4bp6ete, primary]>
2015-11-16 21:18:47,569 INFO [org.hibernate.tool.hbm2ddl.TableMetadata] - <HHH000261: Table found: qhdask.syspopedom>
2015-11-16 21:18:47,569 INFO [org.hibernate.tool.hbm2ddl.TableMetadata] - <HHH000037: Columns: [id, description, sys_code]>
2015-11-16 21:18:47,569 INFO [org.hibernate.tool.hbm2ddl.TableMetadata] - <HHH000108: Foreign keys: []>
2015-11-16 21:18:47,569 INFO [org.hibernate.tool.hbm2ddl.TableMetadata] - <HHH000126: Indexes: [primary]>
2015-11-16 21:18:47,584 INFO [org.hibernate.tool.hbm2ddl.TableMetadata] - <HHH000261: Table found: qhdask.sysrole>
2015-11-16 21:18:47,584 INFO [org.hibernate.tool.hbm2ddl.TableMetadata] - <HHH000037: Columns: [id, extendf1, popedoms, description, name, extendf2, type]>
2015-11-16 21:18:47,584 INFO [org.hibernate.tool.hbm2ddl.TableMetadata] - <HHH000108: Foreign keys: []>
2015-11-16 21:18:47,584 INFO [org.hibernate.tool.hbm2ddl.TableMetadata] - <HHH000126: Indexes: [primary]>
2015-11-16 21:18:47,584 INFO [org.hibernate.tool.hbm2ddl.TableMetadata] - <HHH000261: Table found: qhdask.sysrole_syspopedom>
2015-11-16 21:18:47,584 INFO [org.hibernate.tool.hbm2ddl.TableMetadata] - <HHH000037: Columns: [syspopedom_id, sysrole_id]>
2015-11-16 21:18:47,584 INFO [org.hibernate.tool.hbm2ddl.TableMetadata] - <HHH000108: Foreign keys: [fk_oo7xoflcnvf8skw5omrbql5h9, fk_53kgl5trsotv45d01ox8o04ru]>
2015-11-16 21:18:47,584 INFO [org.hibernate.tool.hbm2ddl.TableMetadata] - <HHH000126: Indexes: [fk_oo7xoflcnvf8skw5omrbql5h9, primary]>
2015-11-16 21:18:47,600 INFO [org.hibernate.tool.hbm2ddl.TableMetadata] - <HHH000261: Table found: qhdask.sysroletosysmenu>
2015-11-16 21:18:47,600 INFO [org.hibernate.tool.hbm2ddl.TableMetadata] - <HHH000037: Columns: [sysmenu_id, extendf1, sysrole_id]>
2015-11-16 21:18:47,600 INFO [org.hibernate.tool.hbm2ddl.TableMetadata] - <HHH000108: Foreign keys: [fk_m56ufpq4f5xl2jrv8acjjxsk4, fk_bi2ymf7m10j8fe7d1ll4bq47q]>
2015-11-16 21:18:47,600 INFO [org.hibernate.tool.hbm2ddl.TableMetadata] - <HHH000126: Indexes: [fk_m56ufpq4f5xl2jrv8acjjxsk4, primary]>
2015-11-16 21:18:47,615 INFO [org.hibernate.tool.hbm2ddl.TableMetadata] - <HHH000261: Table found: qhdask.sysuser>
2015-11-16 21:18:47,615 INFO [org.hibernate.tool.hbm2ddl.TableMetadata] - <HHH000037: Columns: [id, loginname, phone, lastlogintime, truename, status, email, createdate, password]>
2015-11-16 21:18:47,615 INFO [org.hibernate.tool.hbm2ddl.TableMetadata] - <HHH000108: Foreign keys: []>
2015-11-16 21:18:47,615 INFO [org.hibernate.tool.hbm2ddl.TableMetadata] - <HHH000126: Indexes: [primary]>
2015-11-16 21:18:47,615 INFO [org.hibernate.tool.hbm2ddl.TableMetadata] - <HHH000261: Table found: qhdask.sysusertosysrole>
2015-11-16 21:18:47,615 INFO [org.hibernate.tool.hbm2ddl.TableMetadata] - <HHH000037: Columns: [id, sysuser_id, sysrole_id]>
2015-11-16 21:18:47,615 INFO [org.hibernate.tool.hbm2ddl.TableMetadata] - <HHH000108: Foreign keys: [fk_e5l6iwfa48hhxe0mog0ct1j44, fk_lmbccldu4qd824ptp58txfr6o]>
2015-11-16 21:18:47,615 INFO [org.hibernate.tool.hbm2ddl.TableMetadata] - <HHH000126: Indexes: [primary, fk_e5l6iwfa48hhxe0mog0ct1j44, fk_lmbccldu4qd824ptp58txfr6o]>
2015-11-16 21:18:47,615 INFO [org.hibernate.tool.hbm2ddl.SchemaUpdate] - <HHH000232: Schema update complete>
2015-11-16 21:18:48,130 INFO [org.quartz.impl.StdSchedulerFactory] - <Using default implementation for ThreadExecutor>
2015-11-16 21:18:48,161 INFO [org.quartz.core.SchedulerSignalerImpl] - <Initialized Scheduler Signaller of type: class org.quartz.core.SchedulerSignalerImpl>
2015-11-16 21:18:48,161 INFO [org.quartz.core.QuartzScheduler] - <Quartz Scheduler v.2.2.1 created.>
2015-11-16 21:18:48,161 INFO [org.quartz.simpl.RAMJobStore] - <RAMJobStore initialized.>
2015-11-16 21:18:48,161 INFO [org.quartz.core.QuartzScheduler] - <Scheduler meta-data: Quartz Scheduler (v2.2.1) 'scheduler' with instanceId 'NON_CLUSTERED'
  Scheduler class: 'org.quartz.core.QuartzScheduler' - running locally.
  NOT STARTED.
  Currently in standby mode.
  Number of jobs executed: 0
  Using thread pool 'org.quartz.simpl.SimpleThreadPool' - with 10 threads.
  Using job-store 'org.quartz.simpl.RAMJobStore' - which does not support persistence. and is not clustered.
>
2015-11-16 21:18:48,161 INFO [org.quartz.impl.StdSchedulerFactory] - <Quartz scheduler 'scheduler' initialized from an externally provided properties instance.>
2015-11-16 21:18:48,161 INFO [org.quartz.impl.StdSchedulerFactory] - <Quartz scheduler version: 2.2.1>
2015-11-16 21:18:48,161 INFO [org.quartz.core.QuartzScheduler] - <JobFactory set to: org.springframework.scheduling.quartz.AdaptableJobFactory@646ff834>
2015-11-16 21:18:48,177 INFO [com.zhc.schedule.quartz.ScheduleManager] - <任务调度器开始装载数据库任务信息....>
2015-11-16 21:18:48,395 INFO [org.springframework.context.support.DefaultLifecycleProcessor] - <Starting beans in phase 2147483647>
2015-11-16 21:18:48,395 INFO [org.springframework.scheduling.quartz.SchedulerFactoryBean] - <Starting Quartz Scheduler now>
2015-11-16 21:18:48,395 INFO [org.quartz.core.QuartzScheduler] - <Scheduler scheduler_$_NON_CLUSTERED started.>
2015-11-16 21:18:48,395 INFO [org.springframework.web.context.ContextLoader] - <Root WebApplicationContext: initialization completed in 3390 ms>
2015-11-16 21:18:48,786 INFO [com.opensymphony.xwork2.config.providers.XmlConfigurationProvider] - <Parsing configuration file [struts-default.xml]>
2015-11-16 21:18:48,849 INFO [com.opensymphony.xwork2.config.providers.XmlConfigurationProvider] - <Parsing configuration file [struts-plugin.xml]>
2015-11-16 21:18:48,880 INFO [com.opensymphony.xwork2.config.providers.XmlConfigurationProvider] - <Parsing configuration file [struts.xml]>
2015-11-16 21:18:48,880 INFO [org.apache.struts2.config.BeanSelectionProvider] - <Choosing bean (spring) for (com.opensymphony.xwork2.ObjectFactory)>
2015-11-16 21:18:48,880 INFO [org.apache.struts2.config.BeanSelectionProvider] - <Choosing bean (struts) for (com.opensymphony.xwork2.FileManagerFactory)>
2015-11-16 21:18:48,880 INFO [org.apache.struts2.config.BeanSelectionProvider] - <Choosing bean (struts) for (com.opensymphony.xwork2.conversion.impl.XWorkConverter)>
2015-11-16 21:18:48,880 INFO [org.apache.struts2.config.BeanSelectionProvider] - <Choosing bean (struts) for (com.opensymphony.xwork2.conversion.impl.CollectionConverter)>
2015-11-16 21:18:48,880 INFO [org.apache.struts2.config.BeanSelectionProvider] - <Choosing bean (struts) for (com.opensymphony.xwork2.conversion.impl.ArrayConverter)>
2015-11-16 21:18:48,880 INFO [org.apache.struts2.config.BeanSelectionProvider] - <Choosing bean (struts) for (com.opensymphony.xwork2.conversion.impl.DateConverter)>
2015-11-16 21:18:48,880 INFO [org.apache.struts2.config.BeanSelectionProvider] - <Choosing bean (struts) for (com.opensymphony.xwork2.conversion.impl.NumberConverter)>
2015-11-16 21:18:48,880 INFO [org.apache.struts2.config.BeanSelectionProvider] - <Choosing bean (struts) for (com.opensymphony.xwork2.conversion.impl.StringConverter)>
2015-11-16 21:18:48,880 INFO [org.apache.struts2.config.BeanSelectionProvider] - <Choosing bean (struts) for (com.opensymphony.xwork2.conversion.ConversionPropertiesProcessor)>
2015-11-16 21:18:48,880 INFO [org.apache.struts2.config.BeanSelectionProvider] - <Choosing bean (struts) for (com.opensymphony.xwork2.conversion.ConversionFileProcessor)>
2015-11-16 21:18:48,880 INFO [org.apache.struts2.config.BeanSelectionProvider] - <Choosing bean (struts) for (com.opensymphony.xwork2.conversion.ConversionAnnotationProcessor)>
2015-11-16 21:18:48,880 INFO [org.apache.struts2.config.BeanSelectionProvider] - <Choosing bean (struts) for (com.opensymphony.xwork2.conversion.TypeConverterCreator)>
2015-11-16 21:18:48,880 INFO [org.apache.struts2.config.BeanSelectionProvider] - <Choosing bean (struts) for (com.opensymphony.xwork2.conversion.TypeConverterHolder)>
2015-11-16 21:18:48,880 INFO [org.apache.struts2.config.BeanSelectionProvider] - <Choosing bean (struts) for (com.opensymphony.xwork2.TextProvider)>
2015-11-16 21:18:48,880 INFO [org.apache.struts2.config.BeanSelectionProvider] - <Choosing bean (struts) for (com.opensymphony.xwork2.LocaleProvider)>
2015-11-16 21:18:48,880 INFO [org.apache.struts2.config.BeanSelectionProvider] - <Choosing bean (struts) for (com.opensymphony.xwork2.ActionProxyFactory)>
2015-11-16 21:18:48,880 INFO [org.apache.struts2.config.BeanSelectionProvider] - <Choosing bean (struts) for (com.opensymphony.xwork2.conversion.ObjectTypeDeterminer)>
2015-11-16 21:18:48,880 INFO [org.apache.struts2.config.BeanSelectionProvider] - <Choosing bean (struts) for (org.apache.struts2.dispatcher.mapper.ActionMapper)>
2015-11-16 21:18:48,880 INFO [org.apache.struts2.config.BeanSelectionProvider] - <Choosing bean (jakarta) for (org.apache.struts2.dispatcher.multipart.MultiPartRequest)>
2015-11-16 21:18:48,880 INFO [org.apache.struts2.config.BeanSelectionProvider] - <Choosing bean (struts) for (org.apache.struts2.views.freemarker.FreemarkerManager)>
2015-11-16 21:18:48,880 INFO [org.apache.struts2.config.BeanSelectionProvider] - <Choosing bean (struts) for (org.apache.struts2.components.UrlRenderer)>
2015-11-16 21:18:48,880 INFO [org.apache.struts2.config.BeanSelectionProvider] - <Choosing bean (struts) for (com.opensymphony.xwork2.validator.ActionValidatorManager)>
2015-11-16 21:18:48,880 INFO [org.apache.struts2.config.BeanSelectionProvider] - <Choosing bean (struts) for (com.opensymphony.xwork2.util.ValueStackFactory)>
2015-11-16 21:18:48,880 INFO [org.apache.struts2.config.BeanSelectionProvider] - <Choosing bean (struts) for (com.opensymphony.xwork2.util.reflection.ReflectionProvider)>
2015-11-16 21:18:48,880 INFO [org.apache.struts2.config.BeanSelectionProvider] - <Choosing bean (struts) for (com.opensymphony.xwork2.util.reflection.ReflectionContextFactory)>
2015-11-16 21:18:48,880 INFO [org.apache.struts2.config.BeanSelectionProvider] - <Choosing bean (struts) for (com.opensymphony.xwork2.util.PatternMatcher)>
2015-11-16 21:18:48,880 INFO [org.apache.struts2.config.BeanSelectionProvider] - <Choosing bean (struts) for (org.apache.struts2.dispatcher.StaticContentLoader)>
2015-11-16 21:18:48,880 INFO [org.apache.struts2.config.BeanSelectionProvider] - <Choosing bean (struts) for (com.opensymphony.xwork2.UnknownHandlerManager)>
2015-11-16 21:18:48,880 INFO [org.apache.struts2.config.BeanSelectionProvider] - <Choosing bean (struts) for (org.apache.struts2.views.util.UrlHelper)>
2015-11-16 21:18:48,880 INFO [org.apache.struts2.config.BeanSelectionProvider] - <Choosing bean (struts) for (com.opensymphony.xwork2.util.TextParser)>
2015-11-16 21:18:48,911 INFO [org.apache.struts2.spring.StrutsSpringObjectFactory] - <Initializing Struts-Spring integration...>
2015-11-16 21:18:48,911 INFO [com.opensymphony.xwork2.spring.SpringObjectFactory] - <Setting autowire strategy to name>
2015-11-16 21:18:48,911 INFO [org.apache.struts2.spring.StrutsSpringObjectFactory] - <... initialized Struts-Spring integration successfully>
2015-11-16 21:18:49,682 INFO [org.springframework.web.servlet.DispatcherServlet] - <FrameworkServlet 'appServlet': initialization started>
2015-11-16 21:18:49,686 INFO [org.springframework.web.context.support.XmlWebApplicationContext] - <Refreshing WebApplicationContext for namespace 'appServlet-servlet': startup date [Mon Nov 16 21:18:49 CST 2015]; parent: Root WebApplicationContext>
2015-11-16 21:18:49,693 INFO [org.springframework.beans.factory.xml.XmlBeanDefinitionReader] - <Loading XML bean definitions from ServletContext resource [/WEB-INF/spring/appServlet/servlet-context.xml]>
2015-11-16 21:18:49,874 INFO [org.springframework.beans.factory.annotation.AutowiredAnnotationBeanPostProcessor] - <JSR-330 'javax.inject.Inject' annotation found and supported for autowiring>
2015-11-16 21:18:50,331 INFO [org.springframework.web.servlet.handler.SimpleUrlHandlerMapping] - <Mapped URL path [/resources/**] onto handler 'org.springframework.web.servlet.resource.ResourceHttpRequestHandler#0'>
2015-11-16 21:18:50,378 INFO [org.springframework.web.servlet.DispatcherServlet] - <FrameworkServlet 'appServlet': initialization completed in 696 ms>
2015-11-16 21:20:54,530 WARN [org.hibernate.hql.internal.ast.HqlSqlWalker] - <[DEPRECATION] Encountered positional parameter near line 1, column 89.  Positional parameter are considered deprecated; use named parameters or JPA-style positional parameters instead.>
2015-11-16 21:20:54,541 WARN [org.hibernate.hql.internal.ast.HqlSqlWalker] - <[DEPRECATION] Encountered positional parameter near line 1, column 70.  Positional parameter are considered deprecated; use named parameters or JPA-style positional parameters instead.>
2015-11-16 21:23:43,259 WARN [org.hibernate.hql.internal.ast.HqlSqlWalker] - <[DEPRECATION] Encountered positional parameter near line 1, column 94.  Positional parameter are considered deprecated; use named parameters or JPA-style positional parameters instead.>
2015-11-16 21:23:43,259 WARN [org.hibernate.hql.internal.ast.HqlSqlWalker] - <[DEPRECATION] Encountered positional parameter near line 1, column 109.  Positional parameter are considered deprecated; use named parameters or JPA-style positional parameters instead.>
2015-11-16 21:23:43,266 WARN [org.hibernate.hql.internal.ast.HqlSqlWalker] - <[DEPRECATION] Encountered positional parameter near line 1, column 75.  Positional parameter are considered deprecated; use named parameters or JPA-style positional parameters instead.>
2015-11-16 21:23:43,267 WARN [org.hibernate.hql.internal.ast.HqlSqlWalker] - <[DEPRECATION] Encountered positional parameter near line 1, column 90.  Positional parameter are considered deprecated; use named parameters or JPA-style positional parameters instead.>
2015-11-16 21:35:59,553 WARN [org.hibernate.hql.internal.ast.HqlSqlWalker] - <[DEPRECATION] Encountered positional parameter near line 1, column 72.  Positional parameter are considered deprecated; use named parameters or JPA-style positional parameters instead.>
2015-11-16 21:46:45,331 INFO [org.springframework.web.context.ContextLoader] - <Root WebApplicationContext: initialization started>
2015-11-16 21:46:45,433 INFO [org.springframework.web.context.support.XmlWebApplicationContext] - <Refreshing Root WebApplicationContext: startup date [Mon Nov 16 21:46:45 CST 2015]; root of context hierarchy>
2015-11-16 21:46:45,480 INFO [org.springframework.beans.factory.xml.XmlBeanDefinitionReader] - <Loading XML bean definitions from ServletContext resource [/WEB-INF/spring/root-context.xml]>
2015-11-16 21:46:45,796 INFO [org.springframework.beans.factory.xml.XmlBeanDefinitionReader] - <Loading XML bean definitions from ServletContext resource [/WEB-INF/spring/service.spring.xml]>
2015-11-16 21:46:45,827 INFO [org.springframework.beans.factory.xml.XmlBeanDefinitionReader] - <Loading XML bean definitions from ServletContext resource [/WEB-INF/spring/mail.spring.xml]>
2015-11-16 21:46:45,843 INFO [org.springframework.beans.factory.xml.XmlBeanDefinitionReader] - <Loading XML bean definitions from ServletContext resource [/WEB-INF/spring/scheduler.spring.xml]>
2015-11-16 21:46:45,874 INFO [org.springframework.beans.factory.support.DefaultListableBeanFactory] - <Overriding bean definition for bean 'scheduleService': replacing [Generic bean: class [com.zhc.schedule.quartz.service.ScheduleServiceImpl]; scope=; abstract=false; lazyInit=false; autowireMode=1; dependencyCheck=0; autowireCandidate=true; primary=false; factoryBeanName=null; factoryMethodName=null; initMethodName=null; destroyMethodName=null; defined in ServletContext resource [/WEB-INF/spring/service.spring.xml]] with [Generic bean: class [com.zhc.schedule.quartz.service.ScheduleServiceImpl]; scope=; abstract=false; lazyInit=false; autowireMode=1; dependencyCheck=0; autowireCandidate=true; primary=false; factoryBeanName=null; factoryMethodName=null; initMethodName=null; destroyMethodName=null; defined in ServletContext resource [/WEB-INF/spring/scheduler.spring.xml]]>
2015-11-16 21:46:46,044 INFO [org.springframework.beans.factory.annotation.AutowiredAnnotationBeanPostProcessor] - <JSR-330 'javax.inject.Inject' annotation found and supported for autowiring>
2015-11-16 21:46:46,600 INFO [com.alibaba.druid.pool.DruidDataSource] - <{dataSource-1} inited>
2015-11-16 21:46:46,654 INFO [org.springframework.orm.jpa.LocalContainerEntityManagerFactoryBean] - <Building JPA container EntityManagerFactory for persistence unit 'zhc'>
2015-11-16 21:46:46,681 INFO [org.hibernate.jpa.internal.util.LogHelper] - <HHH000204: Processing PersistenceUnitInfo [
	name: zhc
	...]>
2015-11-16 21:46:46,760 INFO [org.hibernate.Version] - <HHH000412: Hibernate Core {4.3.5.Final}>
2015-11-16 21:46:46,762 INFO [org.hibernate.cfg.Environment] - <HHH000206: hibernate.properties not found>
2015-11-16 21:46:46,764 INFO [org.hibernate.cfg.Environment] - <HHH000021: Bytecode provider name : javassist>
2015-11-16 21:46:47,022 INFO [org.hibernate.annotations.common.Version] - <HCANN000001: Hibernate Commons Annotations {4.0.4.Final}>
2015-11-16 21:46:47,073 INFO [org.hibernate.dialect.Dialect] - <HHH000400: Using dialect: org.hibernate.dialect.MySQL5Dialect>
2015-11-16 21:46:47,085 INFO [org.hibernate.engine.jdbc.internal.LobCreatorBuilder] - <HHH000422: Disabling contextual LOB creation as connection was null>
2015-11-16 21:46:47,302 WARN [org.hibernate.mapping.RootClass] - <HHH000038: Composite-id class does not override equals(): com.zhc.sys.entity.SysRoleToSysMenuId>
2015-11-16 21:46:47,303 WARN [org.hibernate.mapping.RootClass] - <HHH000039: Composite-id class does not override hashCode(): com.zhc.sys.entity.SysRoleToSysMenuId>
2015-11-16 21:46:47,319 INFO [org.hibernate.hql.internal.ast.ASTQueryTranslatorFactory] - <HHH000397: Using ASTQueryTranslatorFactory>
2015-11-16 21:46:47,807 INFO [org.hibernate.tool.hbm2ddl.SchemaUpdate] - <HHH000228: Running hbm2ddl schema update>
2015-11-16 21:46:47,807 INFO [org.hibernate.tool.hbm2ddl.SchemaUpdate] - <HHH000102: Fetching database metadata>
2015-11-16 21:46:47,814 INFO [org.hibernate.tool.hbm2ddl.SchemaUpdate] - <HHH000396: Updating schema>
2015-11-16 21:46:47,849 INFO [org.hibernate.tool.hbm2ddl.TableMetadata] - <HHH000261: Table found: qhdask.MailFailLog>
2015-11-16 21:46:47,849 INFO [org.hibernate.tool.hbm2ddl.TableMetadata] - <HHH000037: Columns: [senddate, content, id, title, execdate, status, exception, receivermails]>
2015-11-16 21:46:47,849 INFO [org.hibernate.tool.hbm2ddl.TableMetadata] - <HHH000108: Foreign keys: []>
2015-11-16 21:46:47,850 INFO [org.hibernate.tool.hbm2ddl.TableMetadata] - <HHH000126: Indexes: [primary]>
2015-11-16 21:46:47,870 INFO [org.hibernate.tool.hbm2ddl.TableMetadata] - <HHH000261: Table found: qhdask.affix>
2015-11-16 21:46:47,871 INFO [org.hibernate.tool.hbm2ddl.TableMetadata] - <HHH000037: Columns: [id, source, extname, objecttype, name, path, createdate, downnum, type, objectid, size, hotnum]>
2015-11-16 21:46:47,871 INFO [org.hibernate.tool.hbm2ddl.TableMetadata] - <HHH000108: Foreign keys: []>
2015-11-16 21:46:47,871 INFO [org.hibernate.tool.hbm2ddl.TableMetadata] - <HHH000126: Indexes: [primary]>
2015-11-16 21:46:47,883 INFO [org.hibernate.tool.hbm2ddl.TableMetadata] - <HHH000261: Table found: qhdask.ask_answer>
2015-11-16 21:46:47,883 INFO [org.hibernate.tool.hbm2ddl.TableMetadata] - <HHH000037: Columns: [id, status, hidden, createdate, question_id, answercontent, member_id]>
2015-11-16 21:46:47,884 INFO [org.hibernate.tool.hbm2ddl.TableMetadata] - <HHH000108: Foreign keys: [fk_f2r12tcmoossnxp6cdotn2idh, fk_nqjh3hsb5dccu20i0lhbc4iqs]>
2015-11-16 21:46:47,884 INFO [org.hibernate.tool.hbm2ddl.TableMetadata] - <HHH000126: Indexes: [primary, fk_f2r12tcmoossnxp6cdotn2idh, fk_nqjh3hsb5dccu20i0lhbc4iqs]>
2015-11-16 21:46:47,896 INFO [org.hibernate.tool.hbm2ddl.TableMetadata] - <HHH000261: Table found: qhdask.ask_classify>
2015-11-16 21:46:47,896 INFO [org.hibernate.tool.hbm2ddl.TableMetadata] - <HHH000037: Columns: [alias, link, createdate, img, parentid, id, extendf1, description, extendf2, name, ename, orderby, updatedate]>
2015-11-16 21:46:47,896 INFO [org.hibernate.tool.hbm2ddl.TableMetadata] - <HHH000108: Foreign keys: [fk_6noujkvl3n81tfnnfemv8nxjv]>
2015-11-16 21:46:47,896 INFO [org.hibernate.tool.hbm2ddl.TableMetadata] - <HHH000126: Indexes: [fk_6noujkvl3n81tfnnfemv8nxjv, primary]>
2015-11-16 21:46:47,911 INFO [org.hibernate.tool.hbm2ddl.TableMetadata] - <HHH000261: Table found: qhdask.ask_member>
2015-11-16 21:46:47,912 INFO [org.hibernate.tool.hbm2ddl.TableMetadata] - <HHH000037: Columns: [expertisearea, curryears, lastlogindate, sex, joindate, truename, status, exprettitle, education, professional, photo, password, personprofile, id, jobtitle, loginname, currprofessional, school, address, email, servicefall, company, birthdate, role, telephone, qqwechart]>
2015-11-16 21:46:47,912 INFO [org.hibernate.tool.hbm2ddl.TableMetadata] - <HHH000108: Foreign keys: []>
2015-11-16 21:46:47,912 INFO [org.hibernate.tool.hbm2ddl.TableMetadata] - <HHH000126: Indexes: [primary]>
2015-11-16 21:46:47,924 INFO [org.hibernate.tool.hbm2ddl.TableMetadata] - <HHH000261: Table found: qhdask.ask_question>
2015-11-16 21:46:47,924 INFO [org.hibernate.tool.hbm2ddl.TableMetadata] - <HHH000037: Columns: [classify_id, isopen, asktag, status, createdate, replaycount, viewcount, member_id, id, title, lastreplaydate, description, hidden]>
2015-11-16 21:46:47,924 INFO [org.hibernate.tool.hbm2ddl.TableMetadata] - <HHH000108: Foreign keys: [fk_dtrv30jugiivr551nxjxcl9vr, fk_27idcpxqeptjxgh584meqdec6]>
2015-11-16 21:46:47,924 INFO [org.hibernate.tool.hbm2ddl.TableMetadata] - <HHH000126: Indexes: [fk_dtrv30jugiivr551nxjxcl9vr, fk_27idcpxqeptjxgh584meqdec6, primary]>
2015-11-16 21:46:47,938 INFO [org.hibernate.tool.hbm2ddl.TableMetadata] - <HHH000261: Table found: qhdask.qz_job_detail>
2015-11-16 21:46:47,938 INFO [org.hibernate.tool.hbm2ddl.TableMetadata] - <HHH000037: Columns: [classname, id, extendf1, description, extendf3, extendf2, name, extendf5, extendf4, extendf7, parameters, extendf6, extendf8]>
2015-11-16 21:46:47,938 INFO [org.hibernate.tool.hbm2ddl.TableMetadata] - <HHH000108: Foreign keys: []>
2015-11-16 21:46:47,939 INFO [org.hibernate.tool.hbm2ddl.TableMetadata] - <HHH000126: Indexes: [primary]>
2015-11-16 21:46:47,952 INFO [org.hibernate.tool.hbm2ddl.TableMetadata] - <HHH000261: Table found: qhdask.qz_log>
2015-11-16 21:46:47,952 INFO [org.hibernate.tool.hbm2ddl.TableMetadata] - <HHH000037: Columns: [id, result, jobname, exectime, exception, otherremark]>
2015-11-16 21:46:47,952 INFO [org.hibernate.tool.hbm2ddl.TableMetadata] - <HHH000108: Foreign keys: []>
2015-11-16 21:46:47,953 INFO [org.hibernate.tool.hbm2ddl.TableMetadata] - <HHH000126: Indexes: [primary]>
2015-11-16 21:46:47,972 INFO [org.hibernate.tool.hbm2ddl.TableMetadata] - <HHH000261: Table found: qhdask.qz_trigger>
2015-11-16 21:46:47,972 INFO [org.hibernate.tool.hbm2ddl.TableMetadata] - <HHH000037: Columns: [cronexpression, status, qzjobdetail_id, repeatinterval, type, repeatcount, startdelay, id, startdate, extendf1, description, extendf3, name, extendf2, extendf5, extendf4, extendf7, extendf6, extendf9, enddate, extendf8]>
2015-11-16 21:46:47,972 INFO [org.hibernate.tool.hbm2ddl.TableMetadata] - <HHH000108: Foreign keys: [fk_2gypa1lpf5oij9ksti5ggo1s5]>
2015-11-16 21:46:47,973 INFO [org.hibernate.tool.hbm2ddl.TableMetadata] - <HHH000126: Indexes: [primary, fk_2gypa1lpf5oij9ksti5ggo1s5]>
2015-11-16 21:46:47,985 INFO [org.hibernate.tool.hbm2ddl.TableMetadata] - <HHH000261: Table found: qhdask.sysmenu>
2015-11-16 21:46:47,985 INFO [org.hibernate.tool.hbm2ddl.TableMetadata] - <HHH000037: Columns: [alias, link, createdate, img, parentid, id, extendf1, description, extendf2, name, ename, orderby, updatedate]>
2015-11-16 21:46:47,985 INFO [org.hibernate.tool.hbm2ddl.TableMetadata] - <HHH000108: Foreign keys: [fk_5p24yuafh3b9skc4qb4bp6ete]>
2015-11-16 21:46:47,985 INFO [org.hibernate.tool.hbm2ddl.TableMetadata] - <HHH000126: Indexes: [fk_5p24yuafh3b9skc4qb4bp6ete, primary]>
2015-11-16 21:46:47,985 INFO [org.hibernate.tool.hbm2ddl.TableMetadata] - <HHH000261: Table found: qhdask.syspopedom>
2015-11-16 21:46:47,985 INFO [org.hibernate.tool.hbm2ddl.TableMetadata] - <HHH000037: Columns: [id, description, sys_code]>
2015-11-16 21:46:47,985 INFO [org.hibernate.tool.hbm2ddl.TableMetadata] - <HHH000108: Foreign keys: []>
2015-11-16 21:46:47,985 INFO [org.hibernate.tool.hbm2ddl.TableMetadata] - <HHH000126: Indexes: [primary]>
2015-11-16 21:46:48,001 INFO [org.hibernate.tool.hbm2ddl.TableMetadata] - <HHH000261: Table found: qhdask.sysrole>
2015-11-16 21:46:48,001 INFO [org.hibernate.tool.hbm2ddl.TableMetadata] - <HHH000037: Columns: [id, extendf1, popedoms, description, name, extendf2, type]>
2015-11-16 21:46:48,001 INFO [org.hibernate.tool.hbm2ddl.TableMetadata] - <HHH000108: Foreign keys: []>
2015-11-16 21:46:48,001 INFO [org.hibernate.tool.hbm2ddl.TableMetadata] - <HHH000126: Indexes: [primary]>
2015-11-16 21:46:48,001 INFO [org.hibernate.tool.hbm2ddl.TableMetadata] - <HHH000261: Table found: qhdask.sysrole_syspopedom>
2015-11-16 21:46:48,001 INFO [org.hibernate.tool.hbm2ddl.TableMetadata] - <HHH000037: Columns: [syspopedom_id, sysrole_id]>
2015-11-16 21:46:48,001 INFO [org.hibernate.tool.hbm2ddl.TableMetadata] - <HHH000108: Foreign keys: [fk_oo7xoflcnvf8skw5omrbql5h9, fk_53kgl5trsotv45d01ox8o04ru]>
2015-11-16 21:46:48,001 INFO [org.hibernate.tool.hbm2ddl.TableMetadata] - <HHH000126: Indexes: [fk_oo7xoflcnvf8skw5omrbql5h9, primary]>
2015-11-16 21:46:48,024 INFO [org.hibernate.tool.hbm2ddl.TableMetadata] - <HHH000261: Table found: qhdask.sysroletosysmenu>
2015-11-16 21:46:48,024 INFO [org.hibernate.tool.hbm2ddl.TableMetadata] - <HHH000037: Columns: [sysmenu_id, extendf1, sysrole_id]>
2015-11-16 21:46:48,024 INFO [org.hibernate.tool.hbm2ddl.TableMetadata] - <HHH000108: Foreign keys: [fk_m56ufpq4f5xl2jrv8acjjxsk4, fk_bi2ymf7m10j8fe7d1ll4bq47q]>
2015-11-16 21:46:48,025 INFO [org.hibernate.tool.hbm2ddl.TableMetadata] - <HHH000126: Indexes: [fk_m56ufpq4f5xl2jrv8acjjxsk4, primary]>
2015-11-16 21:46:48,035 INFO [org.hibernate.tool.hbm2ddl.TableMetadata] - <HHH000261: Table found: qhdask.sysuser>
2015-11-16 21:46:48,035 INFO [org.hibernate.tool.hbm2ddl.TableMetadata] - <HHH000037: Columns: [id, loginname, phone, lastlogintime, truename, status, email, createdate, password]>
2015-11-16 21:46:48,036 INFO [org.hibernate.tool.hbm2ddl.TableMetadata] - <HHH000108: Foreign keys: []>
2015-11-16 21:46:48,036 INFO [org.hibernate.tool.hbm2ddl.TableMetadata] - <HHH000126: Indexes: [primary]>
2015-11-16 21:46:48,045 INFO [org.hibernate.tool.hbm2ddl.TableMetadata] - <HHH000261: Table found: qhdask.sysusertosysrole>
2015-11-16 21:46:48,046 INFO [org.hibernate.tool.hbm2ddl.TableMetadata] - <HHH000037: Columns: [id, sysuser_id, sysrole_id]>
2015-11-16 21:46:48,046 INFO [org.hibernate.tool.hbm2ddl.TableMetadata] - <HHH000108: Foreign keys: [fk_e5l6iwfa48hhxe0mog0ct1j44, fk_lmbccldu4qd824ptp58txfr6o]>
2015-11-16 21:46:48,046 INFO [org.hibernate.tool.hbm2ddl.TableMetadata] - <HHH000126: Indexes: [primary, fk_e5l6iwfa48hhxe0mog0ct1j44, fk_lmbccldu4qd824ptp58txfr6o]>
2015-11-16 21:46:48,048 INFO [org.hibernate.tool.hbm2ddl.SchemaUpdate] - <HHH000232: Schema update complete>
2015-11-16 21:46:48,558 INFO [org.quartz.impl.StdSchedulerFactory] - <Using default implementation for ThreadExecutor>
2015-11-16 21:46:48,579 INFO [org.quartz.core.SchedulerSignalerImpl] - <Initialized Scheduler Signaller of type: class org.quartz.core.SchedulerSignalerImpl>
2015-11-16 21:46:48,580 INFO [org.quartz.core.QuartzScheduler] - <Quartz Scheduler v.2.2.1 created.>
2015-11-16 21:46:48,582 INFO [org.quartz.simpl.RAMJobStore] - <RAMJobStore initialized.>
2015-11-16 21:46:48,583 INFO [org.quartz.core.QuartzScheduler] - <Scheduler meta-data: Quartz Scheduler (v2.2.1) 'scheduler' with instanceId 'NON_CLUSTERED'
  Scheduler class: 'org.quartz.core.QuartzScheduler' - running locally.
  NOT STARTED.
  Currently in standby mode.
  Number of jobs executed: 0
  Using thread pool 'org.quartz.simpl.SimpleThreadPool' - with 10 threads.
  Using job-store 'org.quartz.simpl.RAMJobStore' - which does not support persistence. and is not clustered.
>
2015-11-16 21:46:48,583 INFO [org.quartz.impl.StdSchedulerFactory] - <Quartz scheduler 'scheduler' initialized from an externally provided properties instance.>
2015-11-16 21:46:48,583 INFO [org.quartz.impl.StdSchedulerFactory] - <Quartz scheduler version: 2.2.1>
2015-11-16 21:46:48,585 INFO [org.quartz.core.QuartzScheduler] - <JobFactory set to: org.springframework.scheduling.quartz.AdaptableJobFactory@3b5df563>
2015-11-16 21:46:48,595 INFO [com.zhc.schedule.quartz.ScheduleManager] - <任务调度器开始装载数据库任务信息....>
2015-11-16 21:46:48,828 INFO [org.springframework.context.support.DefaultLifecycleProcessor] - <Starting beans in phase 2147483647>
2015-11-16 21:46:48,828 INFO [org.springframework.scheduling.quartz.SchedulerFactoryBean] - <Starting Quartz Scheduler now>
2015-11-16 21:46:48,829 INFO [org.quartz.core.QuartzScheduler] - <Scheduler scheduler_$_NON_CLUSTERED started.>
2015-11-16 21:46:48,832 INFO [org.springframework.web.context.ContextLoader] - <Root WebApplicationContext: initialization completed in 3499 ms>
2015-11-16 21:46:49,433 INFO [com.opensymphony.xwork2.config.providers.XmlConfigurationProvider] - <Parsing configuration file [struts-default.xml]>
2015-11-16 21:46:49,504 INFO [com.opensymphony.xwork2.config.providers.XmlConfigurationProvider] - <Parsing configuration file [struts-plugin.xml]>
2015-11-16 21:46:49,529 INFO [com.opensymphony.xwork2.config.providers.XmlConfigurationProvider] - <Parsing configuration file [struts.xml]>
2015-11-16 21:46:49,533 INFO [org.apache.struts2.config.BeanSelectionProvider] - <Choosing bean (spring) for (com.opensymphony.xwork2.ObjectFactory)>
2015-11-16 21:46:49,534 INFO [org.apache.struts2.config.BeanSelectionProvider] - <Choosing bean (struts) for (com.opensymphony.xwork2.FileManagerFactory)>
2015-11-16 21:46:49,534 INFO [org.apache.struts2.config.BeanSelectionProvider] - <Choosing bean (struts) for (com.opensymphony.xwork2.conversion.impl.XWorkConverter)>
2015-11-16 21:46:49,534 INFO [org.apache.struts2.config.BeanSelectionProvider] - <Choosing bean (struts) for (com.opensymphony.xwork2.conversion.impl.CollectionConverter)>
2015-11-16 21:46:49,534 INFO [org.apache.struts2.config.BeanSelectionProvider] - <Choosing bean (struts) for (com.opensymphony.xwork2.conversion.impl.ArrayConverter)>
2015-11-16 21:46:49,534 INFO [org.apache.struts2.config.BeanSelectionProvider] - <Choosing bean (struts) for (com.opensymphony.xwork2.conversion.impl.DateConverter)>
2015-11-16 21:46:49,535 INFO [org.apache.struts2.config.BeanSelectionProvider] - <Choosing bean (struts) for (com.opensymphony.xwork2.conversion.impl.NumberConverter)>
2015-11-16 21:46:49,535 INFO [org.apache.struts2.config.BeanSelectionProvider] - <Choosing bean (struts) for (com.opensymphony.xwork2.conversion.impl.StringConverter)>
2015-11-16 21:46:49,535 INFO [org.apache.struts2.config.BeanSelectionProvider] - <Choosing bean (struts) for (com.opensymphony.xwork2.conversion.ConversionPropertiesProcessor)>
2015-11-16 21:46:49,535 INFO [org.apache.struts2.config.BeanSelectionProvider] - <Choosing bean (struts) for (com.opensymphony.xwork2.conversion.ConversionFileProcessor)>
2015-11-16 21:46:49,535 INFO [org.apache.struts2.config.BeanSelectionProvider] - <Choosing bean (struts) for (com.opensymphony.xwork2.conversion.ConversionAnnotationProcessor)>
2015-11-16 21:46:49,536 INFO [org.apache.struts2.config.BeanSelectionProvider] - <Choosing bean (struts) for (com.opensymphony.xwork2.conversion.TypeConverterCreator)>
2015-11-16 21:46:49,536 INFO [org.apache.struts2.config.BeanSelectionProvider] - <Choosing bean (struts) for (com.opensymphony.xwork2.conversion.TypeConverterHolder)>
2015-11-16 21:46:49,536 INFO [org.apache.struts2.config.BeanSelectionProvider] - <Choosing bean (struts) for (com.opensymphony.xwork2.TextProvider)>
2015-11-16 21:46:49,536 INFO [org.apache.struts2.config.BeanSelectionProvider] - <Choosing bean (struts) for (com.opensymphony.xwork2.LocaleProvider)>
2015-11-16 21:46:49,536 INFO [org.apache.struts2.config.BeanSelectionProvider] - <Choosing bean (struts) for (com.opensymphony.xwork2.ActionProxyFactory)>
2015-11-16 21:46:49,536 INFO [org.apache.struts2.config.BeanSelectionProvider] - <Choosing bean (struts) for (com.opensymphony.xwork2.conversion.ObjectTypeDeterminer)>
2015-11-16 21:46:49,537 INFO [org.apache.struts2.config.BeanSelectionProvider] - <Choosing bean (struts) for (org.apache.struts2.dispatcher.mapper.ActionMapper)>
2015-11-16 21:46:49,537 INFO [org.apache.struts2.config.BeanSelectionProvider] - <Choosing bean (jakarta) for (org.apache.struts2.dispatcher.multipart.MultiPartRequest)>
2015-11-16 21:46:49,537 INFO [org.apache.struts2.config.BeanSelectionProvider] - <Choosing bean (struts) for (org.apache.struts2.views.freemarker.FreemarkerManager)>
2015-11-16 21:46:49,539 INFO [org.apache.struts2.config.BeanSelectionProvider] - <Choosing bean (struts) for (org.apache.struts2.components.UrlRenderer)>
2015-11-16 21:46:49,539 INFO [org.apache.struts2.config.BeanSelectionProvider] - <Choosing bean (struts) for (com.opensymphony.xwork2.validator.ActionValidatorManager)>
2015-11-16 21:46:49,539 INFO [org.apache.struts2.config.BeanSelectionProvider] - <Choosing bean (struts) for (com.opensymphony.xwork2.util.ValueStackFactory)>
2015-11-16 21:46:49,540 INFO [org.apache.struts2.config.BeanSelectionProvider] - <Choosing bean (struts) for (com.opensymphony.xwork2.util.reflection.ReflectionProvider)>
2015-11-16 21:46:49,540 INFO [org.apache.struts2.config.BeanSelectionProvider] - <Choosing bean (struts) for (com.opensymphony.xwork2.util.reflection.ReflectionContextFactory)>
2015-11-16 21:46:49,540 INFO [org.apache.struts2.config.BeanSelectionProvider] - <Choosing bean (struts) for (com.opensymphony.xwork2.util.PatternMatcher)>
2015-11-16 21:46:49,540 INFO [org.apache.struts2.config.BeanSelectionProvider] - <Choosing bean (struts) for (org.apache.struts2.dispatcher.StaticContentLoader)>
2015-11-16 21:46:49,540 INFO [org.apache.struts2.config.BeanSelectionProvider] - <Choosing bean (struts) for (com.opensymphony.xwork2.UnknownHandlerManager)>
2015-11-16 21:46:49,541 INFO [org.apache.struts2.config.BeanSelectionProvider] - <Choosing bean (struts) for (org.apache.struts2.views.util.UrlHelper)>
2015-11-16 21:46:49,541 INFO [org.apache.struts2.config.BeanSelectionProvider] - <Choosing bean (struts) for (com.opensymphony.xwork2.util.TextParser)>
2015-11-16 21:46:49,556 INFO [org.apache.struts2.spring.StrutsSpringObjectFactory] - <Initializing Struts-Spring integration...>
2015-11-16 21:46:49,556 INFO [com.opensymphony.xwork2.spring.SpringObjectFactory] - <Setting autowire strategy to name>
2015-11-16 21:46:49,556 INFO [org.apache.struts2.spring.StrutsSpringObjectFactory] - <... initialized Struts-Spring integration successfully>
2015-11-16 21:46:50,213 INFO [org.springframework.web.servlet.DispatcherServlet] - <FrameworkServlet 'appServlet': initialization started>
2015-11-16 21:46:50,216 INFO [org.springframework.web.context.support.XmlWebApplicationContext] - <Refreshing WebApplicationContext for namespace 'appServlet-servlet': startup date [Mon Nov 16 21:46:50 CST 2015]; parent: Root WebApplicationContext>
2015-11-16 21:46:50,217 INFO [org.springframework.beans.factory.xml.XmlBeanDefinitionReader] - <Loading XML bean definitions from ServletContext resource [/WEB-INF/spring/appServlet/servlet-context.xml]>
2015-11-16 21:46:50,354 INFO [org.springframework.beans.factory.annotation.AutowiredAnnotationBeanPostProcessor] - <JSR-330 'javax.inject.Inject' annotation found and supported for autowiring>
2015-11-16 21:46:50,708 INFO [org.springframework.web.servlet.handler.SimpleUrlHandlerMapping] - <Mapped URL path [/resources/**] onto handler 'org.springframework.web.servlet.resource.ResourceHttpRequestHandler#0'>
2015-11-16 21:46:50,749 INFO [org.springframework.web.servlet.DispatcherServlet] - <FrameworkServlet 'appServlet': initialization completed in 536 ms>
2015-11-16 21:46:53,543 WARN [org.hibernate.hql.internal.ast.HqlSqlWalker] - <[DEPRECATION] Encountered positional parameter near line 1, column 89.  Positional parameter are considered deprecated; use named parameters or JPA-style positional parameters instead.>
2015-11-16 21:46:53,561 WARN [org.hibernate.hql.internal.ast.HqlSqlWalker] - <[DEPRECATION] Encountered positional parameter near line 1, column 70.  Positional parameter are considered deprecated; use named parameters or JPA-style positional parameters instead.>
2015-11-16 21:49:23,548 WARN [org.hibernate.hql.internal.ast.HqlSqlWalker] - <[DEPRECATION] Encountered positional parameter near line 1, column 94.  Positional parameter are considered deprecated; use named parameters or JPA-style positional parameters instead.>
2015-11-16 21:49:23,549 WARN [org.hibernate.hql.internal.ast.HqlSqlWalker] - <[DEPRECATION] Encountered positional parameter near line 1, column 109.  Positional parameter are considered deprecated; use named parameters or JPA-style positional parameters instead.>
2015-11-16 21:49:23,558 WARN [org.hibernate.hql.internal.ast.HqlSqlWalker] - <[DEPRECATION] Encountered positional parameter near line 1, column 75.  Positional parameter are considered deprecated; use named parameters or JPA-style positional parameters instead.>
2015-11-16 21:49:23,558 WARN [org.hibernate.hql.internal.ast.HqlSqlWalker] - <[DEPRECATION] Encountered positional parameter near line 1, column 90.  Positional parameter are considered deprecated; use named parameters or JPA-style positional parameters instead.>
2015-11-16 22:16:10,091 WARN [org.hibernate.hql.internal.ast.HqlSqlWalker] - <[DEPRECATION] Encountered positional parameter near line 1, column 89.  Positional parameter are considered deprecated; use named parameters or JPA-style positional parameters instead.>
2015-11-16 22:16:10,101 WARN [org.hibernate.hql.internal.ast.HqlSqlWalker] - <[DEPRECATION] Encountered positional parameter near line 1, column 70.  Positional parameter are considered deprecated; use named parameters or JPA-style positional parameters instead.>
2015-11-16 22:21:56,527 WARN [org.hibernate.hql.internal.ast.HqlSqlWalker] - <[DEPRECATION] Encountered positional parameter near line 1, column 89.  Positional parameter are considered deprecated; use named parameters or JPA-style positional parameters instead.>
2015-11-16 22:21:56,528 WARN [org.hibernate.hql.internal.ast.HqlSqlWalker] - <[DEPRECATION] Encountered positional parameter near line 1, column 104.  Positional parameter are considered deprecated; use named parameters or JPA-style positional parameters instead.>
2015-11-16 22:21:56,535 WARN [org.hibernate.hql.internal.ast.HqlSqlWalker] - <[DEPRECATION] Encountered positional parameter near line 1, column 70.  Positional parameter are considered deprecated; use named parameters or JPA-style positional parameters instead.>
2015-11-16 22:21:56,536 WARN [org.hibernate.hql.internal.ast.HqlSqlWalker] - <[DEPRECATION] Encountered positional parameter near line 1, column 85.  Positional parameter are considered deprecated; use named parameters or JPA-style positional parameters instead.>
