2015-11-02 21:03:02,177 INFO [org.springframework.web.context.ContextLoader] - <Root WebApplicationContext: initialization started>
2015-11-02 21:03:02,337 INFO [org.springframework.web.context.support.XmlWebApplicationContext] - <Refreshing Root WebApplicationContext: startup date [Mon Nov 02 21:03:02 CST 2015]; root of context hierarchy>
2015-11-02 21:03:02,386 INFO [org.springframework.beans.factory.xml.XmlBeanDefinitionReader] - <Loading XML bean definitions from ServletContext resource [/WEB-INF/spring/root-context.xml]>
2015-11-02 21:03:02,736 INFO [org.springframework.beans.factory.xml.XmlBeanDefinitionReader] - <Loading XML bean definitions from ServletContext resource [/WEB-INF/spring/service.spring.xml]>
2015-11-02 21:03:02,759 INFO [org.springframework.beans.factory.xml.XmlBeanDefinitionReader] - <Loading XML bean definitions from ServletContext resource [/WEB-INF/spring/mail.spring.xml]>
2015-11-02 21:03:02,779 INFO [org.springframework.beans.factory.xml.XmlBeanDefinitionReader] - <Loading XML bean definitions from ServletContext resource [/WEB-INF/spring/scheduler.spring.xml]>
2015-11-02 21:03:02,803 INFO [org.springframework.beans.factory.support.DefaultListableBeanFactory] - <Overriding bean definition for bean 'scheduleService': replacing [Generic bean: class [com.zhc.schedule.quartz.service.ScheduleServiceImpl]; scope=; abstract=false; lazyInit=false; autowireMode=1; dependencyCheck=0; autowireCandidate=true; primary=false; factoryBeanName=null; factoryMethodName=null; initMethodName=null; destroyMethodName=null; defined in ServletContext resource [/WEB-INF/spring/service.spring.xml]] with [Generic bean: class [com.zhc.schedule.quartz.service.ScheduleServiceImpl]; scope=; abstract=false; lazyInit=false; autowireMode=1; dependencyCheck=0; autowireCandidate=true; primary=false; factoryBeanName=null; factoryMethodName=null; initMethodName=null; destroyMethodName=null; defined in ServletContext resource [/WEB-INF/spring/scheduler.spring.xml]]>
2015-11-02 21:03:02,943 INFO [org.springframework.beans.factory.annotation.AutowiredAnnotationBeanPostProcessor] - <JSR-330 'javax.inject.Inject' annotation found and supported for autowiring>
2015-11-02 21:03:04,765 ERROR [com.alibaba.druid.pool.DruidDataSource] - <init datasource error>
com.mysql.jdbc.exceptions.jdbc4.CommunicationsException: Communications link failure

The last packet sent successfully to the server was 0 milliseconds ago. The driver has not received any packets from the server.
	at sun.reflect.NativeConstructorAccessorImpl.newInstance0(Native Method)
	at sun.reflect.NativeConstructorAccessorImpl.newInstance(NativeConstructorAccessorImpl.java:57)
	at sun.reflect.DelegatingConstructorAccessorImpl.newInstance(DelegatingConstructorAccessorImpl.java:45)
	at java.lang.reflect.Constructor.newInstance(Constructor.java:525)
	at com.mysql.jdbc.Util.handleNewInstance(Util.java:377)
	at com.mysql.jdbc.SQLError.createCommunicationsException(SQLError.java:1036)
	at com.mysql.jdbc.MysqlIO.<init>(MysqlIO.java:338)
	at com.mysql.jdbc.ConnectionImpl.coreConnect(ConnectionImpl.java:2232)
	at com.mysql.jdbc.ConnectionImpl.connectOneTryOnly(ConnectionImpl.java:2265)
	at com.mysql.jdbc.ConnectionImpl.createNewIO(ConnectionImpl.java:2064)
	at com.mysql.jdbc.ConnectionImpl.<init>(ConnectionImpl.java:790)
	at com.mysql.jdbc.JDBC4Connection.<init>(JDBC4Connection.java:44)
	at sun.reflect.NativeConstructorAccessorImpl.newInstance0(Native Method)
	at sun.reflect.NativeConstructorAccessorImpl.newInstance(NativeConstructorAccessorImpl.java:57)
	at sun.reflect.DelegatingConstructorAccessorImpl.newInstance(DelegatingConstructorAccessorImpl.java:45)
	at java.lang.reflect.Constructor.newInstance(Constructor.java:525)
	at com.mysql.jdbc.Util.handleNewInstance(Util.java:377)
	at com.mysql.jdbc.ConnectionImpl.getInstance(ConnectionImpl.java:395)
	at com.mysql.jdbc.NonRegisteringDriver.connect(NonRegisteringDriver.java:325)
	at com.alibaba.druid.filter.FilterChainImpl.connection_connect(FilterChainImpl.java:148)
	at com.alibaba.druid.filter.stat.StatFilter.connection_connect(StatFilter.java:211)
	at com.alibaba.druid.filter.FilterChainImpl.connection_connect(FilterChainImpl.java:142)
	at com.alibaba.druid.pool.DruidAbstractDataSource.createPhysicalConnection(DruidAbstractDataSource.java:1377)
	at com.alibaba.druid.pool.DruidAbstractDataSource.createPhysicalConnection(DruidAbstractDataSource.java:1431)
	at com.alibaba.druid.pool.DruidDataSource.init(DruidDataSource.java:618)
	at sun.reflect.NativeMethodAccessorImpl.invoke0(Native Method)
	at sun.reflect.NativeMethodAccessorImpl.invoke(NativeMethodAccessorImpl.java:57)
	at sun.reflect.DelegatingMethodAccessorImpl.invoke(DelegatingMethodAccessorImpl.java:43)
	at java.lang.reflect.Method.invoke(Method.java:601)
	at org.springframework.beans.factory.support.AbstractAutowireCapableBeanFactory.invokeCustomInitMethod(AbstractAutowireCapableBeanFactory.java:1681)
	at org.springframework.beans.factory.support.AbstractAutowireCapableBeanFactory.invokeInitMethods(AbstractAutowireCapableBeanFactory.java:1620)
	at org.springframework.beans.factory.support.AbstractAutowireCapableBeanFactory.initializeBean(AbstractAutowireCapableBeanFactory.java:1549)
	at org.springframework.beans.factory.support.AbstractAutowireCapableBeanFactory.doCreateBean(AbstractAutowireCapableBeanFactory.java:539)
	at org.springframework.beans.factory.support.AbstractAutowireCapableBeanFactory.createBean(AbstractAutowireCapableBeanFactory.java:475)
	at org.springframework.beans.factory.support.AbstractBeanFactory$1.getObject(AbstractBeanFactory.java:304)
	at org.springframework.beans.factory.support.DefaultSingletonBeanRegistry.getSingleton(DefaultSingletonBeanRegistry.java:228)
	at org.springframework.beans.factory.support.AbstractBeanFactory.doGetBean(AbstractBeanFactory.java:300)
	at org.springframework.beans.factory.support.AbstractBeanFactory.getBean(AbstractBeanFactory.java:195)
	at org.springframework.beans.factory.support.BeanDefinitionValueResolver.resolveReference(BeanDefinitionValueResolver.java:328)
	at org.springframework.beans.factory.support.BeanDefinitionValueResolver.resolveValueIfNecessary(BeanDefinitionValueResolver.java:108)
	at org.springframework.beans.factory.support.AbstractAutowireCapableBeanFactory.applyPropertyValues(AbstractAutowireCapableBeanFactory.java:1456)
	at org.springframework.beans.factory.support.AbstractAutowireCapableBeanFactory.populateBean(AbstractAutowireCapableBeanFactory.java:1197)
	at org.springframework.beans.factory.support.AbstractAutowireCapableBeanFactory.doCreateBean(AbstractAutowireCapableBeanFactory.java:537)
	at org.springframework.beans.factory.support.AbstractAutowireCapableBeanFactory.createBean(AbstractAutowireCapableBeanFactory.java:475)
	at org.springframework.beans.factory.support.AbstractBeanFactory$1.getObject(AbstractBeanFactory.java:304)
	at org.springframework.beans.factory.support.DefaultSingletonBeanRegistry.getSingleton(DefaultSingletonBeanRegistry.java:228)
	at org.springframework.beans.factory.support.AbstractBeanFactory.doGetBean(AbstractBeanFactory.java:300)
	at org.springframework.beans.factory.support.AbstractBeanFactory.getBean(AbstractBeanFactory.java:195)
	at org.springframework.context.support.AbstractApplicationContext.getBean(AbstractApplicationContext.java:973)
	at org.springframework.context.support.AbstractApplicationContext.finishBeanFactoryInitialization(AbstractApplicationContext.java:750)
	at org.springframework.context.support.AbstractApplicationContext.refresh(AbstractApplicationContext.java:482)
	at org.springframework.web.context.ContextLoader.configureAndRefreshWebApplicationContext(ContextLoader.java:403)
	at org.springframework.web.context.ContextLoader.initWebApplicationContext(ContextLoader.java:306)
	at org.springframework.web.context.ContextLoaderListener.contextInitialized(ContextLoaderListener.java:106)
	at com.zhc.sys.listener.WebContextLoaderListener.contextInitialized(WebContextLoaderListener.java:16)
	at org.mortbay.jetty.handler.ContextHandler.startContext(ContextHandler.java:549)
	at org.mortbay.jetty.servlet.Context.startContext(Context.java:136)
	at org.mortbay.jetty.webapp.WebAppContext.startContext(WebAppContext.java:1282)
	at org.mortbay.jetty.handler.ContextHandler.doStart(ContextHandler.java:518)
	at org.mortbay.jetty.webapp.WebAppContext.doStart(WebAppContext.java:499)
	at org.mortbay.component.AbstractLifeCycle.start(AbstractLifeCycle.java:50)
	at org.mortbay.jetty.handler.HandlerWrapper.doStart(HandlerWrapper.java:130)
	at org.mortbay.jetty.Server.doStart(Server.java:224)
	at org.mortbay.component.AbstractLifeCycle.start(AbstractLifeCycle.java:50)
	at runjettyrun.Bootstrap.main(Bootstrap.java:97)
Caused by: java.net.ConnectException: Connection refused: connect
	at java.net.DualStackPlainSocketImpl.connect0(Native Method)
	at java.net.DualStackPlainSocketImpl.socketConnect(DualStackPlainSocketImpl.java:69)
	at java.net.AbstractPlainSocketImpl.doConnect(AbstractPlainSocketImpl.java:339)
	at java.net.AbstractPlainSocketImpl.connectToAddress(AbstractPlainSocketImpl.java:200)
	at java.net.AbstractPlainSocketImpl.connect(AbstractPlainSocketImpl.java:182)
	at java.net.PlainSocketImpl.connect(PlainSocketImpl.java:157)
	at java.net.SocksSocketImpl.connect(SocksSocketImpl.java:391)
	at java.net.Socket.connect(Socket.java:579)
	at java.net.Socket.connect(Socket.java:528)
	at java.net.Socket.<init>(Socket.java:425)
	at java.net.Socket.<init>(Socket.java:241)
	at com.mysql.jdbc.StandardSocketFactory.connect(StandardSocketFactory.java:243)
	at com.mysql.jdbc.MysqlIO.<init>(MysqlIO.java:297)
	... 58 more
2015-11-02 21:03:04,801 ERROR [com.alibaba.druid.pool.DruidDataSource] - <dataSource init error>
com.mysql.jdbc.exceptions.jdbc4.CommunicationsException: Communications link failure

The last packet sent successfully to the server was 0 milliseconds ago. The driver has not received any packets from the server.
	at sun.reflect.NativeConstructorAccessorImpl.newInstance0(Native Method)
	at sun.reflect.NativeConstructorAccessorImpl.newInstance(NativeConstructorAccessorImpl.java:57)
	at sun.reflect.DelegatingConstructorAccessorImpl.newInstance(DelegatingConstructorAccessorImpl.java:45)
	at java.lang.reflect.Constructor.newInstance(Constructor.java:525)
	at com.mysql.jdbc.Util.handleNewInstance(Util.java:377)
	at com.mysql.jdbc.SQLError.createCommunicationsException(SQLError.java:1036)
	at com.mysql.jdbc.MysqlIO.<init>(MysqlIO.java:338)
	at com.mysql.jdbc.ConnectionImpl.coreConnect(ConnectionImpl.java:2232)
	at com.mysql.jdbc.ConnectionImpl.connectOneTryOnly(ConnectionImpl.java:2265)
	at com.mysql.jdbc.ConnectionImpl.createNewIO(ConnectionImpl.java:2064)
	at com.mysql.jdbc.ConnectionImpl.<init>(ConnectionImpl.java:790)
	at com.mysql.jdbc.JDBC4Connection.<init>(JDBC4Connection.java:44)
	at sun.reflect.NativeConstructorAccessorImpl.newInstance0(Native Method)
	at sun.reflect.NativeConstructorAccessorImpl.newInstance(NativeConstructorAccessorImpl.java:57)
	at sun.reflect.DelegatingConstructorAccessorImpl.newInstance(DelegatingConstructorAccessorImpl.java:45)
	at java.lang.reflect.Constructor.newInstance(Constructor.java:525)
	at com.mysql.jdbc.Util.handleNewInstance(Util.java:377)
	at com.mysql.jdbc.ConnectionImpl.getInstance(ConnectionImpl.java:395)
	at com.mysql.jdbc.NonRegisteringDriver.connect(NonRegisteringDriver.java:325)
	at com.alibaba.druid.filter.FilterChainImpl.connection_connect(FilterChainImpl.java:148)
	at com.alibaba.druid.filter.stat.StatFilter.connection_connect(StatFilter.java:211)
	at com.alibaba.druid.filter.FilterChainImpl.connection_connect(FilterChainImpl.java:142)
	at com.alibaba.druid.pool.DruidAbstractDataSource.createPhysicalConnection(DruidAbstractDataSource.java:1377)
	at com.alibaba.druid.pool.DruidAbstractDataSource.createPhysicalConnection(DruidAbstractDataSource.java:1431)
	at com.alibaba.druid.pool.DruidDataSource.init(DruidDataSource.java:618)
	at sun.reflect.NativeMethodAccessorImpl.invoke0(Native Method)
	at sun.reflect.NativeMethodAccessorImpl.invoke(NativeMethodAccessorImpl.java:57)
	at sun.reflect.DelegatingMethodAccessorImpl.invoke(DelegatingMethodAccessorImpl.java:43)
	at java.lang.reflect.Method.invoke(Method.java:601)
	at org.springframework.beans.factory.support.AbstractAutowireCapableBeanFactory.invokeCustomInitMethod(AbstractAutowireCapableBeanFactory.java:1681)
	at org.springframework.beans.factory.support.AbstractAutowireCapableBeanFactory.invokeInitMethods(AbstractAutowireCapableBeanFactory.java:1620)
	at org.springframework.beans.factory.support.AbstractAutowireCapableBeanFactory.initializeBean(AbstractAutowireCapableBeanFactory.java:1549)
	at org.springframework.beans.factory.support.AbstractAutowireCapableBeanFactory.doCreateBean(AbstractAutowireCapableBeanFactory.java:539)
	at org.springframework.beans.factory.support.AbstractAutowireCapableBeanFactory.createBean(AbstractAutowireCapableBeanFactory.java:475)
	at org.springframework.beans.factory.support.AbstractBeanFactory$1.getObject(AbstractBeanFactory.java:304)
	at org.springframework.beans.factory.support.DefaultSingletonBeanRegistry.getSingleton(DefaultSingletonBeanRegistry.java:228)
	at org.springframework.beans.factory.support.AbstractBeanFactory.doGetBean(AbstractBeanFactory.java:300)
	at org.springframework.beans.factory.support.AbstractBeanFactory.getBean(AbstractBeanFactory.java:195)
	at org.springframework.beans.factory.support.BeanDefinitionValueResolver.resolveReference(BeanDefinitionValueResolver.java:328)
	at org.springframework.beans.factory.support.BeanDefinitionValueResolver.resolveValueIfNecessary(BeanDefinitionValueResolver.java:108)
	at org.springframework.beans.factory.support.AbstractAutowireCapableBeanFactory.applyPropertyValues(AbstractAutowireCapableBeanFactory.java:1456)
	at org.springframework.beans.factory.support.AbstractAutowireCapableBeanFactory.populateBean(AbstractAutowireCapableBeanFactory.java:1197)
	at org.springframework.beans.factory.support.AbstractAutowireCapableBeanFactory.doCreateBean(AbstractAutowireCapableBeanFactory.java:537)
	at org.springframework.beans.factory.support.AbstractAutowireCapableBeanFactory.createBean(AbstractAutowireCapableBeanFactory.java:475)
	at org.springframework.beans.factory.support.AbstractBeanFactory$1.getObject(AbstractBeanFactory.java:304)
	at org.springframework.beans.factory.support.DefaultSingletonBeanRegistry.getSingleton(DefaultSingletonBeanRegistry.java:228)
	at org.springframework.beans.factory.support.AbstractBeanFactory.doGetBean(AbstractBeanFactory.java:300)
	at org.springframework.beans.factory.support.AbstractBeanFactory.getBean(AbstractBeanFactory.java:195)
	at org.springframework.context.support.AbstractApplicationContext.getBean(AbstractApplicationContext.java:973)
	at org.springframework.context.support.AbstractApplicationContext.finishBeanFactoryInitialization(AbstractApplicationContext.java:750)
	at org.springframework.context.support.AbstractApplicationContext.refresh(AbstractApplicationContext.java:482)
	at org.springframework.web.context.ContextLoader.configureAndRefreshWebApplicationContext(ContextLoader.java:403)
	at org.springframework.web.context.ContextLoader.initWebApplicationContext(ContextLoader.java:306)
	at org.springframework.web.context.ContextLoaderListener.contextInitialized(ContextLoaderListener.java:106)
	at com.zhc.sys.listener.WebContextLoaderListener.contextInitialized(WebContextLoaderListener.java:16)
	at org.mortbay.jetty.handler.ContextHandler.startContext(ContextHandler.java:549)
	at org.mortbay.jetty.servlet.Context.startContext(Context.java:136)
	at org.mortbay.jetty.webapp.WebAppContext.startContext(WebAppContext.java:1282)
	at org.mortbay.jetty.handler.ContextHandler.doStart(ContextHandler.java:518)
	at org.mortbay.jetty.webapp.WebAppContext.doStart(WebAppContext.java:499)
	at org.mortbay.component.AbstractLifeCycle.start(AbstractLifeCycle.java:50)
	at org.mortbay.jetty.handler.HandlerWrapper.doStart(HandlerWrapper.java:130)
	at org.mortbay.jetty.Server.doStart(Server.java:224)
	at org.mortbay.component.AbstractLifeCycle.start(AbstractLifeCycle.java:50)
	at runjettyrun.Bootstrap.main(Bootstrap.java:97)
Caused by: java.net.ConnectException: Connection refused: connect
	at java.net.DualStackPlainSocketImpl.connect0(Native Method)
	at java.net.DualStackPlainSocketImpl.socketConnect(DualStackPlainSocketImpl.java:69)
	at java.net.AbstractPlainSocketImpl.doConnect(AbstractPlainSocketImpl.java:339)
	at java.net.AbstractPlainSocketImpl.connectToAddress(AbstractPlainSocketImpl.java:200)
	at java.net.AbstractPlainSocketImpl.connect(AbstractPlainSocketImpl.java:182)
	at java.net.PlainSocketImpl.connect(PlainSocketImpl.java:157)
	at java.net.SocksSocketImpl.connect(SocksSocketImpl.java:391)
	at java.net.Socket.connect(Socket.java:579)
	at java.net.Socket.connect(Socket.java:528)
	at java.net.Socket.<init>(Socket.java:425)
	at java.net.Socket.<init>(Socket.java:241)
	at com.mysql.jdbc.StandardSocketFactory.connect(StandardSocketFactory.java:243)
	at com.mysql.jdbc.MysqlIO.<init>(MysqlIO.java:297)
	... 58 more
2015-11-02 21:03:04,803 INFO [com.alibaba.druid.pool.DruidDataSource] - <{dataSource-1} inited>
2015-11-02 21:03:04,814 ERROR [org.springframework.web.context.ContextLoader] - <Context initialization failed>
org.springframework.beans.factory.BeanCreationException: Error creating bean with name 'entityManagerFactory' defined in ServletContext resource [/WEB-INF/spring/root-context.xml]: Cannot resolve reference to bean 'dataSource' while setting bean property 'dataSource'; nested exception is org.springframework.beans.factory.BeanCreationException: Error creating bean with name 'dataSource' defined in ServletContext resource [/WEB-INF/spring/root-context.xml]: Invocation of init method failed; nested exception is com.mysql.jdbc.exceptions.jdbc4.CommunicationsException: Communications link failure

The last packet sent successfully to the server was 0 milliseconds ago. The driver has not received any packets from the server.
	at org.springframework.beans.factory.support.BeanDefinitionValueResolver.resolveReference(BeanDefinitionValueResolver.java:336)
	at org.springframework.beans.factory.support.BeanDefinitionValueResolver.resolveValueIfNecessary(BeanDefinitionValueResolver.java:108)
	at org.springframework.beans.factory.support.AbstractAutowireCapableBeanFactory.applyPropertyValues(AbstractAutowireCapableBeanFactory.java:1456)
	at org.springframework.beans.factory.support.AbstractAutowireCapableBeanFactory.populateBean(AbstractAutowireCapableBeanFactory.java:1197)
	at org.springframework.beans.factory.support.AbstractAutowireCapableBeanFactory.doCreateBean(AbstractAutowireCapableBeanFactory.java:537)
	at org.springframework.beans.factory.support.AbstractAutowireCapableBeanFactory.createBean(AbstractAutowireCapableBeanFactory.java:475)
	at org.springframework.beans.factory.support.AbstractBeanFactory$1.getObject(AbstractBeanFactory.java:304)
	at org.springframework.beans.factory.support.DefaultSingletonBeanRegistry.getSingleton(DefaultSingletonBeanRegistry.java:228)
	at org.springframework.beans.factory.support.AbstractBeanFactory.doGetBean(AbstractBeanFactory.java:300)
	at org.springframework.beans.factory.support.AbstractBeanFactory.getBean(AbstractBeanFactory.java:195)
	at org.springframework.context.support.AbstractApplicationContext.getBean(AbstractApplicationContext.java:973)
	at org.springframework.context.support.AbstractApplicationContext.finishBeanFactoryInitialization(AbstractApplicationContext.java:750)
	at org.springframework.context.support.AbstractApplicationContext.refresh(AbstractApplicationContext.java:482)
	at org.springframework.web.context.ContextLoader.configureAndRefreshWebApplicationContext(ContextLoader.java:403)
	at org.springframework.web.context.ContextLoader.initWebApplicationContext(ContextLoader.java:306)
	at org.springframework.web.context.ContextLoaderListener.contextInitialized(ContextLoaderListener.java:106)
	at com.zhc.sys.listener.WebContextLoaderListener.contextInitialized(WebContextLoaderListener.java:16)
	at org.mortbay.jetty.handler.ContextHandler.startContext(ContextHandler.java:549)
	at org.mortbay.jetty.servlet.Context.startContext(Context.java:136)
	at org.mortbay.jetty.webapp.WebAppContext.startContext(WebAppContext.java:1282)
	at org.mortbay.jetty.handler.ContextHandler.doStart(ContextHandler.java:518)
	at org.mortbay.jetty.webapp.WebAppContext.doStart(WebAppContext.java:499)
	at org.mortbay.component.AbstractLifeCycle.start(AbstractLifeCycle.java:50)
	at org.mortbay.jetty.handler.HandlerWrapper.doStart(HandlerWrapper.java:130)
	at org.mortbay.jetty.Server.doStart(Server.java:224)
	at org.mortbay.component.AbstractLifeCycle.start(AbstractLifeCycle.java:50)
	at runjettyrun.Bootstrap.main(Bootstrap.java:97)
Caused by: org.springframework.beans.factory.BeanCreationException: Error creating bean with name 'dataSource' defined in ServletContext resource [/WEB-INF/spring/root-context.xml]: Invocation of init method failed; nested exception is com.mysql.jdbc.exceptions.jdbc4.CommunicationsException: Communications link failure

The last packet sent successfully to the server was 0 milliseconds ago. The driver has not received any packets from the server.
	at org.springframework.beans.factory.support.AbstractAutowireCapableBeanFactory.initializeBean(AbstractAutowireCapableBeanFactory.java:1553)
	at org.springframework.beans.factory.support.AbstractAutowireCapableBeanFactory.doCreateBean(AbstractAutowireCapableBeanFactory.java:539)
	at org.springframework.beans.factory.support.AbstractAutowireCapableBeanFactory.createBean(AbstractAutowireCapableBeanFactory.java:475)
	at org.springframework.beans.factory.support.AbstractBeanFactory$1.getObject(AbstractBeanFactory.java:304)
	at org.springframework.beans.factory.support.DefaultSingletonBeanRegistry.getSingleton(DefaultSingletonBeanRegistry.java:228)
	at org.springframework.beans.factory.support.AbstractBeanFactory.doGetBean(AbstractBeanFactory.java:300)
	at org.springframework.beans.factory.support.AbstractBeanFactory.getBean(AbstractBeanFactory.java:195)
	at org.springframework.beans.factory.support.BeanDefinitionValueResolver.resolveReference(BeanDefinitionValueResolver.java:328)
	... 26 more
Caused by: com.mysql.jdbc.exceptions.jdbc4.CommunicationsException: Communications link failure

The last packet sent successfully to the server was 0 milliseconds ago. The driver has not received any packets from the server.
	at sun.reflect.NativeConstructorAccessorImpl.newInstance0(Native Method)
	at sun.reflect.NativeConstructorAccessorImpl.newInstance(NativeConstructorAccessorImpl.java:57)
	at sun.reflect.DelegatingConstructorAccessorImpl.newInstance(DelegatingConstructorAccessorImpl.java:45)
	at java.lang.reflect.Constructor.newInstance(Constructor.java:525)
	at com.mysql.jdbc.Util.handleNewInstance(Util.java:377)
	at com.mysql.jdbc.SQLError.createCommunicationsException(SQLError.java:1036)
	at com.mysql.jdbc.MysqlIO.<init>(MysqlIO.java:338)
	at com.mysql.jdbc.ConnectionImpl.coreConnect(ConnectionImpl.java:2232)
	at com.mysql.jdbc.ConnectionImpl.connectOneTryOnly(ConnectionImpl.java:2265)
	at com.mysql.jdbc.ConnectionImpl.createNewIO(ConnectionImpl.java:2064)
	at com.mysql.jdbc.ConnectionImpl.<init>(ConnectionImpl.java:790)
	at com.mysql.jdbc.JDBC4Connection.<init>(JDBC4Connection.java:44)
	at sun.reflect.NativeConstructorAccessorImpl.newInstance0(Native Method)
	at sun.reflect.NativeConstructorAccessorImpl.newInstance(NativeConstructorAccessorImpl.java:57)
	at sun.reflect.DelegatingConstructorAccessorImpl.newInstance(DelegatingConstructorAccessorImpl.java:45)
	at java.lang.reflect.Constructor.newInstance(Constructor.java:525)
	at com.mysql.jdbc.Util.handleNewInstance(Util.java:377)
	at com.mysql.jdbc.ConnectionImpl.getInstance(ConnectionImpl.java:395)
	at com.mysql.jdbc.NonRegisteringDriver.connect(NonRegisteringDriver.java:325)
	at com.alibaba.druid.filter.FilterChainImpl.connection_connect(FilterChainImpl.java:148)
	at com.alibaba.druid.filter.stat.StatFilter.connection_connect(StatFilter.java:211)
	at com.alibaba.druid.filter.FilterChainImpl.connection_connect(FilterChainImpl.java:142)
	at com.alibaba.druid.pool.DruidAbstractDataSource.createPhysicalConnection(DruidAbstractDataSource.java:1377)
	at com.alibaba.druid.pool.DruidAbstractDataSource.createPhysicalConnection(DruidAbstractDataSource.java:1431)
	at com.alibaba.druid.pool.DruidDataSource.init(DruidDataSource.java:618)
	at sun.reflect.NativeMethodAccessorImpl.invoke0(Native Method)
	at sun.reflect.NativeMethodAccessorImpl.invoke(NativeMethodAccessorImpl.java:57)
	at sun.reflect.DelegatingMethodAccessorImpl.invoke(DelegatingMethodAccessorImpl.java:43)
	at java.lang.reflect.Method.invoke(Method.java:601)
	at org.springframework.beans.factory.support.AbstractAutowireCapableBeanFactory.invokeCustomInitMethod(AbstractAutowireCapableBeanFactory.java:1681)
	at org.springframework.beans.factory.support.AbstractAutowireCapableBeanFactory.invokeInitMethods(AbstractAutowireCapableBeanFactory.java:1620)
	at org.springframework.beans.factory.support.AbstractAutowireCapableBeanFactory.initializeBean(AbstractAutowireCapableBeanFactory.java:1549)
	... 33 more
Caused by: java.net.ConnectException: Connection refused: connect
	at java.net.DualStackPlainSocketImpl.connect0(Native Method)
	at java.net.DualStackPlainSocketImpl.socketConnect(DualStackPlainSocketImpl.java:69)
	at java.net.AbstractPlainSocketImpl.doConnect(AbstractPlainSocketImpl.java:339)
	at java.net.AbstractPlainSocketImpl.connectToAddress(AbstractPlainSocketImpl.java:200)
	at java.net.AbstractPlainSocketImpl.connect(AbstractPlainSocketImpl.java:182)
	at java.net.PlainSocketImpl.connect(PlainSocketImpl.java:157)
	at java.net.SocksSocketImpl.connect(SocksSocketImpl.java:391)
	at java.net.Socket.connect(Socket.java:579)
	at java.net.Socket.connect(Socket.java:528)
	at java.net.Socket.<init>(Socket.java:425)
	at java.net.Socket.<init>(Socket.java:241)
	at com.mysql.jdbc.StandardSocketFactory.connect(StandardSocketFactory.java:243)
	at com.mysql.jdbc.MysqlIO.<init>(MysqlIO.java:297)
	... 58 more
2015-11-02 21:04:46,342 INFO [org.springframework.web.context.ContextLoader] - <Root WebApplicationContext: initialization started>
2015-11-02 21:04:46,433 INFO [org.springframework.web.context.support.XmlWebApplicationContext] - <Refreshing Root WebApplicationContext: startup date [Mon Nov 02 21:04:46 CST 2015]; root of context hierarchy>
2015-11-02 21:04:46,472 INFO [org.springframework.beans.factory.xml.XmlBeanDefinitionReader] - <Loading XML bean definitions from ServletContext resource [/WEB-INF/spring/root-context.xml]>
2015-11-02 21:04:46,774 INFO [org.springframework.beans.factory.xml.XmlBeanDefinitionReader] - <Loading XML bean definitions from ServletContext resource [/WEB-INF/spring/service.spring.xml]>
2015-11-02 21:04:46,793 INFO [org.springframework.beans.factory.xml.XmlBeanDefinitionReader] - <Loading XML bean definitions from ServletContext resource [/WEB-INF/spring/mail.spring.xml]>
2015-11-02 21:04:46,811 INFO [org.springframework.beans.factory.xml.XmlBeanDefinitionReader] - <Loading XML bean definitions from ServletContext resource [/WEB-INF/spring/scheduler.spring.xml]>
2015-11-02 21:04:46,828 INFO [org.springframework.beans.factory.support.DefaultListableBeanFactory] - <Overriding bean definition for bean 'scheduleService': replacing [Generic bean: class [com.zhc.schedule.quartz.service.ScheduleServiceImpl]; scope=; abstract=false; lazyInit=false; autowireMode=1; dependencyCheck=0; autowireCandidate=true; primary=false; factoryBeanName=null; factoryMethodName=null; initMethodName=null; destroyMethodName=null; defined in ServletContext resource [/WEB-INF/spring/service.spring.xml]] with [Generic bean: class [com.zhc.schedule.quartz.service.ScheduleServiceImpl]; scope=; abstract=false; lazyInit=false; autowireMode=1; dependencyCheck=0; autowireCandidate=true; primary=false; factoryBeanName=null; factoryMethodName=null; initMethodName=null; destroyMethodName=null; defined in ServletContext resource [/WEB-INF/spring/scheduler.spring.xml]]>
2015-11-02 21:04:46,959 INFO [org.springframework.beans.factory.annotation.AutowiredAnnotationBeanPostProcessor] - <JSR-330 'javax.inject.Inject' annotation found and supported for autowiring>
2015-11-02 21:04:47,473 INFO [com.alibaba.druid.pool.DruidDataSource] - <{dataSource-1} inited>
2015-11-02 21:04:47,535 INFO [org.springframework.orm.jpa.LocalContainerEntityManagerFactoryBean] - <Building JPA container EntityManagerFactory for persistence unit 'zhc'>
2015-11-02 21:04:47,557 INFO [org.hibernate.jpa.internal.util.LogHelper] - <HHH000204: Processing PersistenceUnitInfo [
	name: zhc
	...]>
2015-11-02 21:04:47,630 INFO [org.hibernate.Version] - <HHH000412: Hibernate Core {4.3.5.Final}>
2015-11-02 21:04:47,632 INFO [org.hibernate.cfg.Environment] - <HHH000206: hibernate.properties not found>
2015-11-02 21:04:47,633 INFO [org.hibernate.cfg.Environment] - <HHH000021: Bytecode provider name : javassist>
2015-11-02 21:04:47,897 INFO [org.hibernate.annotations.common.Version] - <HCANN000001: Hibernate Commons Annotations {4.0.4.Final}>
2015-11-02 21:04:47,952 INFO [org.hibernate.dialect.Dialect] - <HHH000400: Using dialect: org.hibernate.dialect.MySQL5Dialect>
2015-11-02 21:04:47,963 INFO [org.hibernate.engine.jdbc.internal.LobCreatorBuilder] - <HHH000422: Disabling contextual LOB creation as connection was null>
2015-11-02 21:04:48,153 WARN [org.hibernate.mapping.RootClass] - <HHH000038: Composite-id class does not override equals(): com.zhc.sys.entity.SysRoleToSysMenuId>
2015-11-02 21:04:48,153 WARN [org.hibernate.mapping.RootClass] - <HHH000039: Composite-id class does not override hashCode(): com.zhc.sys.entity.SysRoleToSysMenuId>
2015-11-02 21:04:48,165 INFO [org.hibernate.hql.internal.ast.ASTQueryTranslatorFactory] - <HHH000397: Using ASTQueryTranslatorFactory>
2015-11-02 21:04:48,596 INFO [org.hibernate.tool.hbm2ddl.SchemaUpdate] - <HHH000228: Running hbm2ddl schema update>
2015-11-02 21:04:48,596 INFO [org.hibernate.tool.hbm2ddl.SchemaUpdate] - <HHH000102: Fetching database metadata>
2015-11-02 21:04:48,603 INFO [org.hibernate.tool.hbm2ddl.SchemaUpdate] - <HHH000396: Updating schema>
2015-11-02 21:04:48,637 INFO [org.hibernate.tool.hbm2ddl.TableMetadata] - <HHH000261: Table found: zhc_games.Account>
2015-11-02 21:04:48,637 INFO [org.hibernate.tool.hbm2ddl.TableMetadata] - <HHH000037: Columns: [id, usertag, remark, game_id, currindex]>
2015-11-02 21:04:48,638 INFO [org.hibernate.tool.hbm2ddl.TableMetadata] - <HHH000108: Foreign keys: [fk_jyjqjpbk5aqyk5x5o70f8nje5]>
2015-11-02 21:04:48,638 INFO [org.hibernate.tool.hbm2ddl.TableMetadata] - <HHH000126: Indexes: [fk_jyjqjpbk5aqyk5x5o70f8nje5, primary]>
2015-11-02 21:04:48,661 INFO [org.hibernate.tool.hbm2ddl.TableMetadata] - <HHH000261: Table found: zhc_games.AccountDetail>
2015-11-02 21:04:48,661 INFO [org.hibernate.tool.hbm2ddl.TableMetadata] - <HHH000037: Columns: [content, id, account_id, adindex]>
2015-11-02 21:04:48,661 INFO [org.hibernate.tool.hbm2ddl.TableMetadata] - <HHH000108: Foreign keys: [fk_8nmp5ufqr3sjnxpvwc1gv3q90]>
2015-11-02 21:04:48,662 INFO [org.hibernate.tool.hbm2ddl.TableMetadata] - <HHH000126: Indexes: [primary, fk_8nmp5ufqr3sjnxpvwc1gv3q90]>
2015-11-02 21:04:48,672 INFO [org.hibernate.tool.hbm2ddl.TableMetadata] - <HHH000261: Table found: zhc_games.Game>
2015-11-02 21:04:48,672 INFO [org.hibernate.tool.hbm2ddl.TableMetadata] - <HHH000037: Columns: [id, description, gname, createdate]>
2015-11-02 21:04:48,672 INFO [org.hibernate.tool.hbm2ddl.TableMetadata] - <HHH000108: Foreign keys: []>
2015-11-02 21:04:48,672 INFO [org.hibernate.tool.hbm2ddl.TableMetadata] - <HHH000126: Indexes: [primary]>
2015-11-02 21:04:48,683 INFO [org.hibernate.tool.hbm2ddl.TableMetadata] - <HHH000261: Table found: zhc_games.MailFailLog>
2015-11-02 21:04:48,683 INFO [org.hibernate.tool.hbm2ddl.TableMetadata] - <HHH000037: Columns: [senddate, content, id, title, execdate, status, exception, receivermails]>
2015-11-02 21:04:48,683 INFO [org.hibernate.tool.hbm2ddl.TableMetadata] - <HHH000108: Foreign keys: []>
2015-11-02 21:04:48,683 INFO [org.hibernate.tool.hbm2ddl.TableMetadata] - <HHH000126: Indexes: [primary]>
2015-11-02 21:04:48,696 INFO [org.hibernate.tool.hbm2ddl.TableMetadata] - <HHH000261: Table found: zhc_games.SerialNumber>
2015-11-02 21:04:48,696 INFO [org.hibernate.tool.hbm2ddl.TableMetadata] - <HHH000037: Columns: [id, price, remark, game_id, createdate, type, serialnumber, enddate, begindate]>
2015-11-02 21:04:48,696 INFO [org.hibernate.tool.hbm2ddl.TableMetadata] - <HHH000108: Foreign keys: [fk_p9hv3bbfxqarb72xd2sxndyf2]>
2015-11-02 21:04:48,697 INFO [org.hibernate.tool.hbm2ddl.TableMetadata] - <HHH000126: Indexes: [primary, fk_p9hv3bbfxqarb72xd2sxndyf2]>
2015-11-02 21:04:48,717 INFO [org.hibernate.tool.hbm2ddl.TableMetadata] - <HHH000261: Table found: zhc_games.qz_job_detail>
2015-11-02 21:04:48,717 INFO [org.hibernate.tool.hbm2ddl.TableMetadata] - <HHH000037: Columns: [classname, id, extendf1, description, extendf3, extendf2, name, extendf5, extendf4, extendf7, parameters, extendf6, extendf8]>
2015-11-02 21:04:48,718 INFO [org.hibernate.tool.hbm2ddl.TableMetadata] - <HHH000108: Foreign keys: []>
2015-11-02 21:04:48,718 INFO [org.hibernate.tool.hbm2ddl.TableMetadata] - <HHH000126: Indexes: [primary]>
2015-11-02 21:04:48,729 INFO [org.hibernate.tool.hbm2ddl.TableMetadata] - <HHH000261: Table found: zhc_games.qz_log>
2015-11-02 21:04:48,729 INFO [org.hibernate.tool.hbm2ddl.TableMetadata] - <HHH000037: Columns: [id, result, jobname, exectime, exception, otherremark]>
2015-11-02 21:04:48,730 INFO [org.hibernate.tool.hbm2ddl.TableMetadata] - <HHH000108: Foreign keys: []>
2015-11-02 21:04:48,730 INFO [org.hibernate.tool.hbm2ddl.TableMetadata] - <HHH000126: Indexes: [primary]>
2015-11-02 21:04:48,744 INFO [org.hibernate.tool.hbm2ddl.TableMetadata] - <HHH000261: Table found: zhc_games.qz_trigger>
2015-11-02 21:04:48,745 INFO [org.hibernate.tool.hbm2ddl.TableMetadata] - <HHH000037: Columns: [cronexpression, status, qzjobdetail_id, repeatinterval, type, repeatcount, startdelay, id, startdate, extendf1, description, extendf3, name, extendf2, extendf5, extendf4, extendf7, extendf6, extendf9, enddate, extendf8]>
2015-11-02 21:04:48,745 INFO [org.hibernate.tool.hbm2ddl.TableMetadata] - <HHH000108: Foreign keys: [fk_2gypa1lpf5oij9ksti5ggo1s5]>
2015-11-02 21:04:48,745 INFO [org.hibernate.tool.hbm2ddl.TableMetadata] - <HHH000126: Indexes: [primary, fk_2gypa1lpf5oij9ksti5ggo1s5]>
2015-11-02 21:04:48,757 INFO [org.hibernate.tool.hbm2ddl.TableMetadata] - <HHH000261: Table found: zhc_games.sysmenu>
2015-11-02 21:04:48,758 INFO [org.hibernate.tool.hbm2ddl.TableMetadata] - <HHH000037: Columns: [alias, link, createdate, img, parentid, id, extendf1, description, extendf2, name, ename, orderby, updatedate]>
2015-11-02 21:04:48,758 INFO [org.hibernate.tool.hbm2ddl.TableMetadata] - <HHH000108: Foreign keys: [fk_5p24yuafh3b9skc4qb4bp6ete]>
2015-11-02 21:04:48,758 INFO [org.hibernate.tool.hbm2ddl.TableMetadata] - <HHH000126: Indexes: [fk_5p24yuafh3b9skc4qb4bp6ete, primary]>
2015-11-02 21:04:48,769 INFO [org.hibernate.tool.hbm2ddl.TableMetadata] - <HHH000261: Table found: zhc_games.syspopedom>
2015-11-02 21:04:48,769 INFO [org.hibernate.tool.hbm2ddl.TableMetadata] - <HHH000037: Columns: [id, description, sys_code]>
2015-11-02 21:04:48,770 INFO [org.hibernate.tool.hbm2ddl.TableMetadata] - <HHH000108: Foreign keys: []>
2015-11-02 21:04:48,770 INFO [org.hibernate.tool.hbm2ddl.TableMetadata] - <HHH000126: Indexes: [primary]>
2015-11-02 21:04:48,779 INFO [org.hibernate.tool.hbm2ddl.TableMetadata] - <HHH000261: Table found: zhc_games.sysrole>
2015-11-02 21:04:48,779 INFO [org.hibernate.tool.hbm2ddl.TableMetadata] - <HHH000037: Columns: [id, extendf1, popedoms, description, name, extendf2, type]>
2015-11-02 21:04:48,779 INFO [org.hibernate.tool.hbm2ddl.TableMetadata] - <HHH000108: Foreign keys: []>
2015-11-02 21:04:48,779 INFO [org.hibernate.tool.hbm2ddl.TableMetadata] - <HHH000126: Indexes: [primary]>
2015-11-02 21:04:48,787 INFO [org.hibernate.tool.hbm2ddl.TableMetadata] - <HHH000261: Table found: zhc_games.sysrole_syspopedom>
2015-11-02 21:04:48,788 INFO [org.hibernate.tool.hbm2ddl.TableMetadata] - <HHH000037: Columns: [syspopedom_id, sysrole_id]>
2015-11-02 21:04:48,788 INFO [org.hibernate.tool.hbm2ddl.TableMetadata] - <HHH000108: Foreign keys: [fk_oo7xoflcnvf8skw5omrbql5h9, fk_53kgl5trsotv45d01ox8o04ru]>
2015-11-02 21:04:48,788 INFO [org.hibernate.tool.hbm2ddl.TableMetadata] - <HHH000126: Indexes: [fk_oo7xoflcnvf8skw5omrbql5h9, primary]>
2015-11-02 21:04:48,797 INFO [org.hibernate.tool.hbm2ddl.TableMetadata] - <HHH000261: Table found: zhc_games.sysroletosysmenu>
2015-11-02 21:04:48,798 INFO [org.hibernate.tool.hbm2ddl.TableMetadata] - <HHH000037: Columns: [sysmenu_id, extendf1, sysrole_id]>
2015-11-02 21:04:48,798 INFO [org.hibernate.tool.hbm2ddl.TableMetadata] - <HHH000108: Foreign keys: [fk_m56ufpq4f5xl2jrv8acjjxsk4, fk_bi2ymf7m10j8fe7d1ll4bq47q]>
2015-11-02 21:04:48,798 INFO [org.hibernate.tool.hbm2ddl.TableMetadata] - <HHH000126: Indexes: [fk_m56ufpq4f5xl2jrv8acjjxsk4, primary]>
2015-11-02 21:04:48,807 INFO [org.hibernate.tool.hbm2ddl.TableMetadata] - <HHH000261: Table found: zhc_games.sysuser>
2015-11-02 21:04:48,808 INFO [org.hibernate.tool.hbm2ddl.TableMetadata] - <HHH000037: Columns: [id, loginname, phone, lastlogintime, truename, status, email, createdate, password]>
2015-11-02 21:04:48,808 INFO [org.hibernate.tool.hbm2ddl.TableMetadata] - <HHH000108: Foreign keys: []>
2015-11-02 21:04:48,808 INFO [org.hibernate.tool.hbm2ddl.TableMetadata] - <HHH000126: Indexes: [primary]>
2015-11-02 21:04:48,816 INFO [org.hibernate.tool.hbm2ddl.TableMetadata] - <HHH000261: Table found: zhc_games.sysusertosysrole>
2015-11-02 21:04:48,816 INFO [org.hibernate.tool.hbm2ddl.TableMetadata] - <HHH000037: Columns: [id, sysuser_id, sysrole_id]>
2015-11-02 21:04:48,816 INFO [org.hibernate.tool.hbm2ddl.TableMetadata] - <HHH000108: Foreign keys: [fk_e5l6iwfa48hhxe0mog0ct1j44, fk_lmbccldu4qd824ptp58txfr6o]>
2015-11-02 21:04:48,817 INFO [org.hibernate.tool.hbm2ddl.TableMetadata] - <HHH000126: Indexes: [primary, fk_e5l6iwfa48hhxe0mog0ct1j44, fk_lmbccldu4qd824ptp58txfr6o]>
2015-11-02 21:04:48,818 INFO [org.hibernate.tool.hbm2ddl.SchemaUpdate] - <HHH000232: Schema update complete>
2015-11-02 21:04:49,264 INFO [org.quartz.impl.StdSchedulerFactory] - <Using default implementation for ThreadExecutor>
2015-11-02 21:04:49,278 INFO [org.quartz.core.SchedulerSignalerImpl] - <Initialized Scheduler Signaller of type: class org.quartz.core.SchedulerSignalerImpl>
2015-11-02 21:04:49,279 INFO [org.quartz.core.QuartzScheduler] - <Quartz Scheduler v.2.2.1 created.>
2015-11-02 21:04:49,280 INFO [org.quartz.simpl.RAMJobStore] - <RAMJobStore initialized.>
2015-11-02 21:04:49,281 INFO [org.quartz.core.QuartzScheduler] - <Scheduler meta-data: Quartz Scheduler (v2.2.1) 'scheduler' with instanceId 'NON_CLUSTERED'
  Scheduler class: 'org.quartz.core.QuartzScheduler' - running locally.
  NOT STARTED.
  Currently in standby mode.
  Number of jobs executed: 0
  Using thread pool 'org.quartz.simpl.SimpleThreadPool' - with 10 threads.
  Using job-store 'org.quartz.simpl.RAMJobStore' - which does not support persistence. and is not clustered.
>
2015-11-02 21:04:49,281 INFO [org.quartz.impl.StdSchedulerFactory] - <Quartz scheduler 'scheduler' initialized from an externally provided properties instance.>
2015-11-02 21:04:49,281 INFO [org.quartz.impl.StdSchedulerFactory] - <Quartz scheduler version: 2.2.1>
2015-11-02 21:04:49,283 INFO [org.quartz.core.QuartzScheduler] - <JobFactory set to: org.springframework.scheduling.quartz.AdaptableJobFactory@43c2a68>
2015-11-02 21:04:49,294 INFO [com.zhc.schedule.quartz.ScheduleManager] - <任务调度器开始装载数据库任务信息....>
2015-11-02 21:04:49,483 INFO [org.springframework.context.support.DefaultLifecycleProcessor] - <Starting beans in phase 2147483647>
2015-11-02 21:04:49,483 INFO [org.springframework.scheduling.quartz.SchedulerFactoryBean] - <Starting Quartz Scheduler now>
2015-11-02 21:04:49,483 INFO [org.quartz.core.QuartzScheduler] - <Scheduler scheduler_$_NON_CLUSTERED started.>
2015-11-02 21:04:49,487 INFO [org.springframework.web.context.ContextLoader] - <Root WebApplicationContext: initialization completed in 3143 ms>
2015-11-02 21:04:49,836 INFO [com.opensymphony.xwork2.config.providers.XmlConfigurationProvider] - <Parsing configuration file [struts-default.xml]>
2015-11-02 21:04:49,917 INFO [com.opensymphony.xwork2.config.providers.XmlConfigurationProvider] - <Parsing configuration file [struts-plugin.xml]>
2015-11-02 21:04:49,938 INFO [com.opensymphony.xwork2.config.providers.XmlConfigurationProvider] - <Parsing configuration file [struts.xml]>
2015-11-02 21:04:49,940 INFO [org.apache.struts2.config.BeanSelectionProvider] - <Choosing bean (spring) for (com.opensymphony.xwork2.ObjectFactory)>
2015-11-02 21:04:49,941 INFO [org.apache.struts2.config.BeanSelectionProvider] - <Choosing bean (struts) for (com.opensymphony.xwork2.FileManagerFactory)>
2015-11-02 21:04:49,941 INFO [org.apache.struts2.config.BeanSelectionProvider] - <Choosing bean (struts) for (com.opensymphony.xwork2.conversion.impl.XWorkConverter)>
2015-11-02 21:04:49,941 INFO [org.apache.struts2.config.BeanSelectionProvider] - <Choosing bean (struts) for (com.opensymphony.xwork2.conversion.impl.CollectionConverter)>
2015-11-02 21:04:49,941 INFO [org.apache.struts2.config.BeanSelectionProvider] - <Choosing bean (struts) for (com.opensymphony.xwork2.conversion.impl.ArrayConverter)>
2015-11-02 21:04:49,941 INFO [org.apache.struts2.config.BeanSelectionProvider] - <Choosing bean (struts) for (com.opensymphony.xwork2.conversion.impl.DateConverter)>
2015-11-02 21:04:49,941 INFO [org.apache.struts2.config.BeanSelectionProvider] - <Choosing bean (struts) for (com.opensymphony.xwork2.conversion.impl.NumberConverter)>
2015-11-02 21:04:49,942 INFO [org.apache.struts2.config.BeanSelectionProvider] - <Choosing bean (struts) for (com.opensymphony.xwork2.conversion.impl.StringConverter)>
2015-11-02 21:04:49,942 INFO [org.apache.struts2.config.BeanSelectionProvider] - <Choosing bean (struts) for (com.opensymphony.xwork2.conversion.ConversionPropertiesProcessor)>
2015-11-02 21:04:49,942 INFO [org.apache.struts2.config.BeanSelectionProvider] - <Choosing bean (struts) for (com.opensymphony.xwork2.conversion.ConversionFileProcessor)>
2015-11-02 21:04:49,942 INFO [org.apache.struts2.config.BeanSelectionProvider] - <Choosing bean (struts) for (com.opensymphony.xwork2.conversion.ConversionAnnotationProcessor)>
2015-11-02 21:04:49,942 INFO [org.apache.struts2.config.BeanSelectionProvider] - <Choosing bean (struts) for (com.opensymphony.xwork2.conversion.TypeConverterCreator)>
2015-11-02 21:04:49,942 INFO [org.apache.struts2.config.BeanSelectionProvider] - <Choosing bean (struts) for (com.opensymphony.xwork2.conversion.TypeConverterHolder)>
2015-11-02 21:04:49,942 INFO [org.apache.struts2.config.BeanSelectionProvider] - <Choosing bean (struts) for (com.opensymphony.xwork2.TextProvider)>
2015-11-02 21:04:49,943 INFO [org.apache.struts2.config.BeanSelectionProvider] - <Choosing bean (struts) for (com.opensymphony.xwork2.LocaleProvider)>
2015-11-02 21:04:49,943 INFO [org.apache.struts2.config.BeanSelectionProvider] - <Choosing bean (struts) for (com.opensymphony.xwork2.ActionProxyFactory)>
2015-11-02 21:04:49,943 INFO [org.apache.struts2.config.BeanSelectionProvider] - <Choosing bean (struts) for (com.opensymphony.xwork2.conversion.ObjectTypeDeterminer)>
2015-11-02 21:04:49,943 INFO [org.apache.struts2.config.BeanSelectionProvider] - <Choosing bean (struts) for (org.apache.struts2.dispatcher.mapper.ActionMapper)>
2015-11-02 21:04:49,943 INFO [org.apache.struts2.config.BeanSelectionProvider] - <Choosing bean (jakarta) for (org.apache.struts2.dispatcher.multipart.MultiPartRequest)>
2015-11-02 21:04:49,943 INFO [org.apache.struts2.config.BeanSelectionProvider] - <Choosing bean (struts) for (org.apache.struts2.views.freemarker.FreemarkerManager)>
2015-11-02 21:04:49,944 INFO [org.apache.struts2.config.BeanSelectionProvider] - <Choosing bean (struts) for (org.apache.struts2.components.UrlRenderer)>
2015-11-02 21:04:49,944 INFO [org.apache.struts2.config.BeanSelectionProvider] - <Choosing bean (struts) for (com.opensymphony.xwork2.validator.ActionValidatorManager)>
2015-11-02 21:04:49,944 INFO [org.apache.struts2.config.BeanSelectionProvider] - <Choosing bean (struts) for (com.opensymphony.xwork2.util.ValueStackFactory)>
2015-11-02 21:04:49,945 INFO [org.apache.struts2.config.BeanSelectionProvider] - <Choosing bean (struts) for (com.opensymphony.xwork2.util.reflection.ReflectionProvider)>
2015-11-02 21:04:49,945 INFO [org.apache.struts2.config.BeanSelectionProvider] - <Choosing bean (struts) for (com.opensymphony.xwork2.util.reflection.ReflectionContextFactory)>
2015-11-02 21:04:49,945 INFO [org.apache.struts2.config.BeanSelectionProvider] - <Choosing bean (struts) for (com.opensymphony.xwork2.util.PatternMatcher)>
2015-11-02 21:04:49,945 INFO [org.apache.struts2.config.BeanSelectionProvider] - <Choosing bean (struts) for (org.apache.struts2.dispatcher.StaticContentLoader)>
2015-11-02 21:04:49,945 INFO [org.apache.struts2.config.BeanSelectionProvider] - <Choosing bean (struts) for (com.opensymphony.xwork2.UnknownHandlerManager)>
2015-11-02 21:04:49,945 INFO [org.apache.struts2.config.BeanSelectionProvider] - <Choosing bean (struts) for (org.apache.struts2.views.util.UrlHelper)>
2015-11-02 21:04:49,945 INFO [org.apache.struts2.config.BeanSelectionProvider] - <Choosing bean (struts) for (com.opensymphony.xwork2.util.TextParser)>
2015-11-02 21:04:49,957 INFO [org.apache.struts2.spring.StrutsSpringObjectFactory] - <Initializing Struts-Spring integration...>
2015-11-02 21:04:49,957 INFO [com.opensymphony.xwork2.spring.SpringObjectFactory] - <Setting autowire strategy to name>
2015-11-02 21:04:49,957 INFO [org.apache.struts2.spring.StrutsSpringObjectFactory] - <... initialized Struts-Spring integration successfully>
2015-11-02 21:04:50,516 INFO [org.springframework.web.servlet.DispatcherServlet] - <FrameworkServlet 'appServlet': initialization started>
2015-11-02 21:04:50,520 INFO [org.springframework.web.context.support.XmlWebApplicationContext] - <Refreshing WebApplicationContext for namespace 'appServlet-servlet': startup date [Mon Nov 02 21:04:50 CST 2015]; parent: Root WebApplicationContext>
2015-11-02 21:04:50,521 INFO [org.springframework.beans.factory.xml.XmlBeanDefinitionReader] - <Loading XML bean definitions from ServletContext resource [/WEB-INF/spring/appServlet/servlet-context.xml]>
2015-11-02 21:04:50,628 INFO [org.springframework.beans.factory.annotation.AutowiredAnnotationBeanPostProcessor] - <JSR-330 'javax.inject.Inject' annotation found and supported for autowiring>
2015-11-02 21:04:51,051 INFO [org.springframework.web.servlet.handler.SimpleUrlHandlerMapping] - <Mapped URL path [/resources/**] onto handler 'org.springframework.web.servlet.resource.ResourceHttpRequestHandler#0'>
2015-11-02 21:04:51,085 INFO [org.springframework.web.servlet.DispatcherServlet] - <FrameworkServlet 'appServlet': initialization completed in 569 ms>
2015-11-02 21:08:42,088 WARN [org.hibernate.hql.internal.ast.HqlSqlWalker] - <[DEPRECATION] Encountered positional parameter near line 1, column 60.  Positional parameter are considered deprecated; use named parameters or JPA-style positional parameters instead.>
2015-11-02 21:08:42,091 WARN [org.hibernate.hql.internal.ast.HqlSqlWalker] - <[DEPRECATION] Encountered positional parameter near line 1, column 75.  Positional parameter are considered deprecated; use named parameters or JPA-style positional parameters instead.>
